                                                                                                                        
>>>>>>>>>>>>>>>>>>>>>>>>>>>>>>>>>>>>>>>>>>>>>>>>>>>>>>>>>>>>>>>>>>>>>>>>>>>>>>>>>>>>>>>>>>>>>>>>>>>>>>>>>>>>>>>>>>>>>>>>
2024-11-26 22:41:19,291 - INFO - START  EPIC_Training_course_cogito_fundamentals_170_day_1 =============================================
2024-11-26 22:41:19,291 - INFO - START  EPIC_Training_course_cogito_fundamentals_170_day_1 Start Time = 2024-11-26 22:41:19
2024-11-26 22:41:19,291 - INFO -  EPIC_Training_course_cogito_fundamentals_170_day_1 Step 0 - Initialize the configuration file parser
2024-11-26 22:41:19,291 - INFO - Process  EPIC_Training_course_cogito_fundamentals_170_day_1 Step 0 - Initializing and starting Logging Process.
2024-11-26 22:41:20,044 - INFO - PERFORMANCE  EPIC_Training_course_cogito_fundamentals_170_day_1 The total process duration was:0.75
2024-11-26 22:41:20,044 - INFO - PERFORMANCE  EPIC_Training_course_cogito_fundamentals_170_day_1 Stop Time = 2024-11-26 22:41:20
2024-11-26 22:41:20,044 - INFO - PERFORMANCE  EPIC_Training_course_cogito_fundamentals_170_day_1 Short process duration less than 3 Seconds:0.75
2024-11-26 22:41:20,044 - INFO - PERFORMANCE  EPIC_Training_course_cogito_fundamentals_170_day_1 Performance optimization is not reccomended
2024-11-26 22:41:20,044 - INFO - END  EPIC_Training_course_cogito_fundamentals_170_day_1 =============================================

<<<<<<<<<<<<<<<<<<<<<<<<<<<<<<<<<<<<<<<<<<<<<<<<<<<<<<<<<<<<<<<<<<<<<<<<<<<<<<<<<<<<<<<<<<<<<<<<<<<<<<<<<<<<<<<<<<<<<<<<
                                                                                                                        
                                                                                                                        
>>>>>>>>>>>>>>>>>>>>>>>>>>>>>>>>>>>>>>>>>>>>>>>>>>>>>>>>>>>>>>>>>>>>>>>>>>>>>>>>>>>>>>>>>>>>>>>>>>>>>>>>>>>>>>>>>>>>>>>>
2024-11-26 23:08:43,018 - INFO - START  EPIC_Training_course_cogito_fundamentals_170_day_1 =============================================
2024-11-26 23:08:43,019 - INFO - START  EPIC_Training_course_cogito_fundamentals_170_day_1 Start Time = 2024-11-26 23:08:43
2024-11-26 23:08:43,019 - INFO -  EPIC_Training_course_cogito_fundamentals_170_day_1 Step 0 - Initialize the configuration file parser
2024-11-26 23:08:43,019 - INFO - Process  EPIC_Training_course_cogito_fundamentals_170_day_1 Step 0 - Initializing and starting Logging Process.
2024-11-26 23:08:43,768 - INFO - PERFORMANCE  EPIC_Training_course_cogito_fundamentals_170_day_1 The total process duration was:0.75
2024-11-26 23:08:43,769 - INFO - PERFORMANCE  EPIC_Training_course_cogito_fundamentals_170_day_1 Stop Time = 2024-11-26 23:08:43
2024-11-26 23:08:43,769 - INFO - PERFORMANCE  EPIC_Training_course_cogito_fundamentals_170_day_1 Short process duration less than 3 Seconds:0.75
2024-11-26 23:08:43,769 - INFO - PERFORMANCE  EPIC_Training_course_cogito_fundamentals_170_day_1 Performance optimization is not reccomended
2024-11-26 23:08:43,769 - INFO - END  EPIC_Training_course_cogito_fundamentals_170_day_1 =============================================

<<<<<<<<<<<<<<<<<<<<<<<<<<<<<<<<<<<<<<<<<<<<<<<<<<<<<<<<<<<<<<<<<<<<<<<<<<<<<<<<<<<<<<<<<<<<<<<<<<<<<<<<<<<<<<<<<<<<<<<<
                                                                                                                        
                                                                                                                        
>>>>>>>>>>>>>>>>>>>>>>>>>>>>>>>>>>>>>>>>>>>>>>>>>>>>>>>>>>>>>>>>>>>>>>>>>>>>>>>>>>>>>>>>>>>>>>>>>>>>>>>>>>>>>>>>>>>>>>>>
2024-12-26 13:53:24,197 - INFO - START  EPIC_Training_course_cogito_fundamentals_170_day_1 =============================================
2024-12-26 13:53:24,197 - INFO - START  EPIC_Training_course_cogito_fundamentals_170_day_1 Start Time = 2024-12-26 13:53:24
2024-12-26 13:53:24,198 - INFO -  EPIC_Training_course_cogito_fundamentals_170_day_1 Step 0 - Initialize the configuration file parser
2024-12-26 13:53:24,198 - INFO - Process  EPIC_Training_course_cogito_fundamentals_170_day_1 Step 0 - Initializing and starting Logging Process.
2024-12-26 13:53:24,952 - INFO - PERFORMANCE  EPIC_Training_course_cogito_fundamentals_170_day_1 The total process duration was:0.76
2024-12-26 13:53:24,952 - INFO - PERFORMANCE  EPIC_Training_course_cogito_fundamentals_170_day_1 Stop Time = 2024-12-26 13:53:24
2024-12-26 13:53:24,952 - INFO - PERFORMANCE  EPIC_Training_course_cogito_fundamentals_170_day_1 Short process duration less than 3 Seconds:0.76
2024-12-26 13:53:24,952 - INFO - PERFORMANCE  EPIC_Training_course_cogito_fundamentals_170_day_1 Performance optimization is not reccomended
2024-12-26 13:53:24,952 - INFO - END  EPIC_Training_course_cogito_fundamentals_170_day_1 =============================================

<<<<<<<<<<<<<<<<<<<<<<<<<<<<<<<<<<<<<<<<<<<<<<<<<<<<<<<<<<<<<<<<<<<<<<<<<<<<<<<<<<<<<<<<<<<<<<<<<<<<<<<<<<<<<<<<<<<<<<<<
                                                                                                                        
                                                                                                                        
>>>>>>>>>>>>>>>>>>>>>>>>>>>>>>>>>>>>>>>>>>>>>>>>>>>>>>>>>>>>>>>>>>>>>>>>>>>>>>>>>>>>>>>>>>>>>>>>>>>>>>>>>>>>>>>>>>>>>>>>
2024-12-26 14:02:57,878 - INFO - START  EPIC_Training_course_cogito_fundamentals_170_day_1 =============================================
2024-12-26 14:02:57,878 - INFO - START  EPIC_Training_course_cogito_fundamentals_170_day_1 Start Time = 2024-12-26 14:02:57
2024-12-26 14:02:57,878 - INFO -  EPIC_Training_course_cogito_fundamentals_170_day_1 Step 0 - Initialize the configuration file parser
2024-12-26 14:02:57,879 - INFO - Process  EPIC_Training_course_cogito_fundamentals_170_day_1 Step 0 - Initializing and starting Logging Process.
2024-12-26 14:02:58,685 - INFO - PERFORMANCE  EPIC_Training_course_cogito_fundamentals_170_day_1 The total process duration was:0.81
2024-12-26 14:02:58,685 - INFO - PERFORMANCE  EPIC_Training_course_cogito_fundamentals_170_day_1 Stop Time = 2024-12-26 14:02:58
2024-12-26 14:02:58,685 - INFO - PERFORMANCE  EPIC_Training_course_cogito_fundamentals_170_day_1 Short process duration less than 3 Seconds:0.81
2024-12-26 14:02:58,685 - INFO - PERFORMANCE  EPIC_Training_course_cogito_fundamentals_170_day_1 Performance optimization is not reccomended
2024-12-26 14:02:58,685 - INFO - END  EPIC_Training_course_cogito_fundamentals_170_day_1 =============================================

<<<<<<<<<<<<<<<<<<<<<<<<<<<<<<<<<<<<<<<<<<<<<<<<<<<<<<<<<<<<<<<<<<<<<<<<<<<<<<<<<<<<<<<<<<<<<<<<<<<<<<<<<<<<<<<<<<<<<<<<
                                                                                                                        
                                                                                                                        
>>>>>>>>>>>>>>>>>>>>>>>>>>>>>>>>>>>>>>>>>>>>>>>>>>>>>>>>>>>>>>>>>>>>>>>>>>>>>>>>>>>>>>>>>>>>>>>>>>>>>>>>>>>>>>>>>>>>>>>>
2024-12-26 14:12:15,888 - INFO - START  EPIC_Training_course_cogito_fundamentals_170_day_1 =============================================
2024-12-26 14:12:15,889 - INFO - START  EPIC_Training_course_cogito_fundamentals_170_day_1 Start Time = 2024-12-26 14:12:15
2024-12-26 14:12:15,889 - INFO -  EPIC_Training_course_cogito_fundamentals_170_day_1 Step 0 - Initialize the configuration file parser
2024-12-26 14:12:15,889 - INFO - Process  EPIC_Training_course_cogito_fundamentals_170_day_1 Step 0 - Initializing and starting Logging Process.
2024-12-26 14:12:16,660 - INFO - PERFORMANCE  EPIC_Training_course_cogito_fundamentals_170_day_1 The total process duration was:0.77
2024-12-26 14:12:16,660 - INFO - PERFORMANCE  EPIC_Training_course_cogito_fundamentals_170_day_1 Stop Time = 2024-12-26 14:12:16
2024-12-26 14:12:16,660 - INFO - PERFORMANCE  EPIC_Training_course_cogito_fundamentals_170_day_1 Short process duration less than 3 Seconds:0.77
2024-12-26 14:12:16,660 - INFO - PERFORMANCE  EPIC_Training_course_cogito_fundamentals_170_day_1 Performance optimization is not reccomended
2024-12-26 14:12:16,660 - INFO - END  EPIC_Training_course_cogito_fundamentals_170_day_1 =============================================

<<<<<<<<<<<<<<<<<<<<<<<<<<<<<<<<<<<<<<<<<<<<<<<<<<<<<<<<<<<<<<<<<<<<<<<<<<<<<<<<<<<<<<<<<<<<<<<<<<<<<<<<<<<<<<<<<<<<<<<<
                                                                                                                        
                                                                                                                        
>>>>>>>>>>>>>>>>>>>>>>>>>>>>>>>>>>>>>>>>>>>>>>>>>>>>>>>>>>>>>>>>>>>>>>>>>>>>>>>>>>>>>>>>>>>>>>>>>>>>>>>>>>>>>>>>>>>>>>>>
2024-12-26 14:12:54,741 - INFO - START  EPIC_Training_course_cogito_fundamentals_170_day_1 =============================================
2024-12-26 14:12:54,742 - INFO - START  EPIC_Training_course_cogito_fundamentals_170_day_1 Start Time = 2024-12-26 14:12:54
2024-12-26 14:12:54,742 - INFO -  EPIC_Training_course_cogito_fundamentals_170_day_1 Step 0 - Initialize the configuration file parser
2024-12-26 14:12:54,742 - INFO - Process  EPIC_Training_course_cogito_fundamentals_170_day_1 Step 0 - Initializing and starting Logging Process.
2024-12-26 14:12:55,509 - INFO - PERFORMANCE  EPIC_Training_course_cogito_fundamentals_170_day_1 The total process duration was:0.77
2024-12-26 14:12:55,509 - INFO - PERFORMANCE  EPIC_Training_course_cogito_fundamentals_170_day_1 Stop Time = 2024-12-26 14:12:55
2024-12-26 14:12:55,510 - INFO - PERFORMANCE  EPIC_Training_course_cogito_fundamentals_170_day_1 Short process duration less than 3 Seconds:0.77
2024-12-26 14:12:55,510 - INFO - PERFORMANCE  EPIC_Training_course_cogito_fundamentals_170_day_1 Performance optimization is not reccomended
2024-12-26 14:12:55,510 - INFO - END  EPIC_Training_course_cogito_fundamentals_170_day_1 =============================================

<<<<<<<<<<<<<<<<<<<<<<<<<<<<<<<<<<<<<<<<<<<<<<<<<<<<<<<<<<<<<<<<<<<<<<<<<<<<<<<<<<<<<<<<<<<<<<<<<<<<<<<<<<<<<<<<<<<<<<<<
                                                                                                                        
                                                                                                                        
>>>>>>>>>>>>>>>>>>>>>>>>>>>>>>>>>>>>>>>>>>>>>>>>>>>>>>>>>>>>>>>>>>>>>>>>>>>>>>>>>>>>>>>>>>>>>>>>>>>>>>>>>>>>>>>>>>>>>>>>
2024-12-26 14:19:20,619 - INFO - START  EPIC_Training_course_cogito_fundamentals_170_day_1 =============================================
2024-12-26 14:19:20,619 - INFO - START  EPIC_Training_course_cogito_fundamentals_170_day_1 Start Time = 2024-12-26 14:19:20
2024-12-26 14:19:20,619 - INFO -  EPIC_Training_course_cogito_fundamentals_170_day_1 Step 0 - Initialize the configuration file parser
2024-12-26 14:19:20,619 - INFO - Process  EPIC_Training_course_cogito_fundamentals_170_day_1 Step 0 - Initializing and starting Logging Process.
2024-12-26 14:19:21,339 - INFO - PERFORMANCE  EPIC_Training_course_cogito_fundamentals_170_day_1 The total process duration was:0.72
2024-12-26 14:19:21,339 - INFO - PERFORMANCE  EPIC_Training_course_cogito_fundamentals_170_day_1 Stop Time = 2024-12-26 14:19:21
2024-12-26 14:19:21,339 - INFO - PERFORMANCE  EPIC_Training_course_cogito_fundamentals_170_day_1 Short process duration less than 3 Seconds:0.72
2024-12-26 14:19:21,339 - INFO - PERFORMANCE  EPIC_Training_course_cogito_fundamentals_170_day_1 Performance optimization is not reccomended
2024-12-26 14:19:21,340 - INFO - END  EPIC_Training_course_cogito_fundamentals_170_day_1 =============================================

<<<<<<<<<<<<<<<<<<<<<<<<<<<<<<<<<<<<<<<<<<<<<<<<<<<<<<<<<<<<<<<<<<<<<<<<<<<<<<<<<<<<<<<<<<<<<<<<<<<<<<<<<<<<<<<<<<<<<<<<
                                                                                                                        
                                                                                                                        
>>>>>>>>>>>>>>>>>>>>>>>>>>>>>>>>>>>>>>>>>>>>>>>>>>>>>>>>>>>>>>>>>>>>>>>>>>>>>>>>>>>>>>>>>>>>>>>>>>>>>>>>>>>>>>>>>>>>>>>>
2024-12-26 14:19:42,608 - INFO - START  EPIC_Training_course_cogito_fundamentals_170_day_1 =============================================
2024-12-26 14:19:42,608 - INFO - START  EPIC_Training_course_cogito_fundamentals_170_day_1 Start Time = 2024-12-26 14:19:42
2024-12-26 14:19:42,608 - INFO -  EPIC_Training_course_cogito_fundamentals_170_day_1 Step 0 - Initialize the configuration file parser
2024-12-26 14:19:42,609 - INFO - Process  EPIC_Training_course_cogito_fundamentals_170_day_1 Step 0 - Initializing and starting Logging Process.
2024-12-26 14:19:43,328 - INFO - PERFORMANCE  EPIC_Training_course_cogito_fundamentals_170_day_1 The total process duration was:0.72
2024-12-26 14:19:43,329 - INFO - PERFORMANCE  EPIC_Training_course_cogito_fundamentals_170_day_1 Stop Time = 2024-12-26 14:19:43
2024-12-26 14:19:43,329 - INFO - PERFORMANCE  EPIC_Training_course_cogito_fundamentals_170_day_1 Short process duration less than 3 Seconds:0.72
2024-12-26 14:19:43,329 - INFO - PERFORMANCE  EPIC_Training_course_cogito_fundamentals_170_day_1 Performance optimization is not reccomended
2024-12-26 14:19:43,329 - INFO - END  EPIC_Training_course_cogito_fundamentals_170_day_1 =============================================

<<<<<<<<<<<<<<<<<<<<<<<<<<<<<<<<<<<<<<<<<<<<<<<<<<<<<<<<<<<<<<<<<<<<<<<<<<<<<<<<<<<<<<<<<<<<<<<<<<<<<<<<<<<<<<<<<<<<<<<<
                                                                                                                        
                                                                                                                        
>>>>>>>>>>>>>>>>>>>>>>>>>>>>>>>>>>>>>>>>>>>>>>>>>>>>>>>>>>>>>>>>>>>>>>>>>>>>>>>>>>>>>>>>>>>>>>>>>>>>>>>>>>>>>>>>>>>>>>>>
2024-12-26 21:47:03,475 - INFO - START  EPIC_Training_course_cogito_fundamentals_170_day_1 =============================================
2024-12-26 21:47:03,475 - INFO - START  EPIC_Training_course_cogito_fundamentals_170_day_1 Start Time = 2024-12-26 21:47:03
2024-12-26 21:47:03,475 - INFO -  EPIC_Training_course_cogito_fundamentals_170_day_1 Step 0 - Initialize the configuration file parser
2024-12-26 21:47:03,476 - INFO - Process  EPIC_Training_course_cogito_fundamentals_170_day_1 Step 0 - Initializing and starting Logging Process.
2024-12-26 21:47:04,195 - INFO - PERFORMANCE  EPIC_Training_course_cogito_fundamentals_170_day_1 The total process duration was:0.72
2024-12-26 21:47:04,195 - INFO - PERFORMANCE  EPIC_Training_course_cogito_fundamentals_170_day_1 Stop Time = 2024-12-26 21:47:04
2024-12-26 21:47:04,195 - INFO - PERFORMANCE  EPIC_Training_course_cogito_fundamentals_170_day_1 Short process duration less than 3 Seconds:0.72
2024-12-26 21:47:04,195 - INFO - PERFORMANCE  EPIC_Training_course_cogito_fundamentals_170_day_1 Performance optimization is not reccomended
2024-12-26 21:47:04,195 - INFO - END  EPIC_Training_course_cogito_fundamentals_170_day_1 =============================================

<<<<<<<<<<<<<<<<<<<<<<<<<<<<<<<<<<<<<<<<<<<<<<<<<<<<<<<<<<<<<<<<<<<<<<<<<<<<<<<<<<<<<<<<<<<<<<<<<<<<<<<<<<<<<<<<<<<<<<<<
                                                                                                                        
                                                                                                                        
>>>>>>>>>>>>>>>>>>>>>>>>>>>>>>>>>>>>>>>>>>>>>>>>>>>>>>>>>>>>>>>>>>>>>>>>>>>>>>>>>>>>>>>>>>>>>>>>>>>>>>>>>>>>>>>>>>>>>>>>
2024-12-26 21:48:52,677 - INFO - START  EPIC_Training_course_cogito_fundamentals_170_day_1 =============================================
2024-12-26 21:48:52,677 - INFO - START  EPIC_Training_course_cogito_fundamentals_170_day_1 Start Time = 2024-12-26 21:48:52
2024-12-26 21:48:52,677 - INFO -  EPIC_Training_course_cogito_fundamentals_170_day_1 Step 0 - Initialize the configuration file parser
2024-12-26 21:48:52,677 - INFO - Process  EPIC_Training_course_cogito_fundamentals_170_day_1 Step 0 - Initializing and starting Logging Process.
2024-12-26 21:48:53,398 - INFO - PERFORMANCE  EPIC_Training_course_cogito_fundamentals_170_day_1 The total process duration was:0.72
2024-12-26 21:48:53,398 - INFO - PERFORMANCE  EPIC_Training_course_cogito_fundamentals_170_day_1 Stop Time = 2024-12-26 21:48:53
2024-12-26 21:48:53,398 - INFO - PERFORMANCE  EPIC_Training_course_cogito_fundamentals_170_day_1 Short process duration less than 3 Seconds:0.72
2024-12-26 21:48:53,398 - INFO - PERFORMANCE  EPIC_Training_course_cogito_fundamentals_170_day_1 Performance optimization is not reccomended
2024-12-26 21:48:53,398 - INFO - END  EPIC_Training_course_cogito_fundamentals_170_day_1 =============================================

<<<<<<<<<<<<<<<<<<<<<<<<<<<<<<<<<<<<<<<<<<<<<<<<<<<<<<<<<<<<<<<<<<<<<<<<<<<<<<<<<<<<<<<<<<<<<<<<<<<<<<<<<<<<<<<<<<<<<<<<
                                                                                                                        
                                                                                                                        
>>>>>>>>>>>>>>>>>>>>>>>>>>>>>>>>>>>>>>>>>>>>>>>>>>>>>>>>>>>>>>>>>>>>>>>>>>>>>>>>>>>>>>>>>>>>>>>>>>>>>>>>>>>>>>>>>>>>>>>>
2024-12-26 21:50:21,085 - INFO - START  EPIC_Training_course_cogito_fundamentals_170_day_1 =============================================
2024-12-26 21:50:21,085 - INFO - START  EPIC_Training_course_cogito_fundamentals_170_day_1 Start Time = 2024-12-26 21:50:21
2024-12-26 21:50:21,085 - INFO -  EPIC_Training_course_cogito_fundamentals_170_day_1 Step 0 - Initialize the configuration file parser
2024-12-26 21:50:21,085 - INFO - Process  EPIC_Training_course_cogito_fundamentals_170_day_1 Step 0 - Initializing and starting Logging Process.
2024-12-26 21:50:21,842 - INFO - PERFORMANCE  EPIC_Training_course_cogito_fundamentals_170_day_1 The total process duration was:0.76
2024-12-26 21:50:21,842 - INFO - PERFORMANCE  EPIC_Training_course_cogito_fundamentals_170_day_1 Stop Time = 2024-12-26 21:50:21
2024-12-26 21:50:21,842 - INFO - PERFORMANCE  EPIC_Training_course_cogito_fundamentals_170_day_1 Short process duration less than 3 Seconds:0.76
2024-12-26 21:50:21,843 - INFO - PERFORMANCE  EPIC_Training_course_cogito_fundamentals_170_day_1 Performance optimization is not reccomended
2024-12-26 21:50:21,843 - INFO - END  EPIC_Training_course_cogito_fundamentals_170_day_1 =============================================

<<<<<<<<<<<<<<<<<<<<<<<<<<<<<<<<<<<<<<<<<<<<<<<<<<<<<<<<<<<<<<<<<<<<<<<<<<<<<<<<<<<<<<<<<<<<<<<<<<<<<<<<<<<<<<<<<<<<<<<<
                                                                                                                        
                                                                                                                        
>>>>>>>>>>>>>>>>>>>>>>>>>>>>>>>>>>>>>>>>>>>>>>>>>>>>>>>>>>>>>>>>>>>>>>>>>>>>>>>>>>>>>>>>>>>>>>>>>>>>>>>>>>>>>>>>>>>>>>>>
2024-12-26 21:51:32,117 - INFO - START  EPIC_Training_course_cogito_fundamentals_170_day_1 =============================================
2024-12-26 21:51:32,117 - INFO - START  EPIC_Training_course_cogito_fundamentals_170_day_1 Start Time = 2024-12-26 21:51:32
2024-12-26 21:51:32,117 - INFO -  EPIC_Training_course_cogito_fundamentals_170_day_1 Step 0 - Initialize the configuration file parser
2024-12-26 21:51:32,118 - INFO - Process  EPIC_Training_course_cogito_fundamentals_170_day_1 Step 0 - Initializing and starting Logging Process.
2024-12-26 21:51:32,833 - INFO - PERFORMANCE  EPIC_Training_course_cogito_fundamentals_170_day_1 The total process duration was:0.72
2024-12-26 21:51:32,833 - INFO - PERFORMANCE  EPIC_Training_course_cogito_fundamentals_170_day_1 Stop Time = 2024-12-26 21:51:32
2024-12-26 21:51:32,833 - INFO - PERFORMANCE  EPIC_Training_course_cogito_fundamentals_170_day_1 Short process duration less than 3 Seconds:0.72
2024-12-26 21:51:32,833 - INFO - PERFORMANCE  EPIC_Training_course_cogito_fundamentals_170_day_1 Performance optimization is not reccomended
2024-12-26 21:51:32,833 - INFO - END  EPIC_Training_course_cogito_fundamentals_170_day_1 =============================================

<<<<<<<<<<<<<<<<<<<<<<<<<<<<<<<<<<<<<<<<<<<<<<<<<<<<<<<<<<<<<<<<<<<<<<<<<<<<<<<<<<<<<<<<<<<<<<<<<<<<<<<<<<<<<<<<<<<<<<<<
                                                                                                                        
                                                                                                                        
>>>>>>>>>>>>>>>>>>>>>>>>>>>>>>>>>>>>>>>>>>>>>>>>>>>>>>>>>>>>>>>>>>>>>>>>>>>>>>>>>>>>>>>>>>>>>>>>>>>>>>>>>>>>>>>>>>>>>>>>
2024-12-26 21:52:43,245 - INFO - START  EPIC_Training_course_cogito_fundamentals_170_day_1 =============================================
2024-12-26 21:52:43,246 - INFO - START  EPIC_Training_course_cogito_fundamentals_170_day_1 Start Time = 2024-12-26 21:52:43
2024-12-26 21:52:43,246 - INFO -  EPIC_Training_course_cogito_fundamentals_170_day_1 Step 0 - Initialize the configuration file parser
2024-12-26 21:52:43,246 - INFO - Process  EPIC_Training_course_cogito_fundamentals_170_day_1 Step 0 - Initializing and starting Logging Process.
2024-12-26 21:52:43,972 - INFO - PERFORMANCE  EPIC_Training_course_cogito_fundamentals_170_day_1 The total process duration was:0.73
2024-12-26 21:52:43,972 - INFO - PERFORMANCE  EPIC_Training_course_cogito_fundamentals_170_day_1 Stop Time = 2024-12-26 21:52:43
2024-12-26 21:52:43,972 - INFO - PERFORMANCE  EPIC_Training_course_cogito_fundamentals_170_day_1 Short process duration less than 3 Seconds:0.73
2024-12-26 21:52:43,973 - INFO - PERFORMANCE  EPIC_Training_course_cogito_fundamentals_170_day_1 Performance optimization is not reccomended
2024-12-26 21:52:43,973 - INFO - END  EPIC_Training_course_cogito_fundamentals_170_day_1 =============================================

<<<<<<<<<<<<<<<<<<<<<<<<<<<<<<<<<<<<<<<<<<<<<<<<<<<<<<<<<<<<<<<<<<<<<<<<<<<<<<<<<<<<<<<<<<<<<<<<<<<<<<<<<<<<<<<<<<<<<<<<
                                                                                                                        
                                                                                                                        
>>>>>>>>>>>>>>>>>>>>>>>>>>>>>>>>>>>>>>>>>>>>>>>>>>>>>>>>>>>>>>>>>>>>>>>>>>>>>>>>>>>>>>>>>>>>>>>>>>>>>>>>>>>>>>>>>>>>>>>>
2024-12-26 21:56:49,949 - INFO - START  EPIC_Training_course_cogito_fundamentals_170_day_1 =============================================
2024-12-26 21:56:49,950 - INFO - START  EPIC_Training_course_cogito_fundamentals_170_day_1 Start Time = 2024-12-26 21:56:49
2024-12-26 21:56:49,950 - INFO -  EPIC_Training_course_cogito_fundamentals_170_day_1 Step 0 - Initialize the configuration file parser
2024-12-26 21:56:49,950 - INFO - Process  EPIC_Training_course_cogito_fundamentals_170_day_1 Step 0 - Initializing and starting Logging Process.
2024-12-26 21:56:50,671 - INFO - PERFORMANCE  EPIC_Training_course_cogito_fundamentals_170_day_1 The total process duration was:0.72
2024-12-26 21:56:50,672 - INFO - PERFORMANCE  EPIC_Training_course_cogito_fundamentals_170_day_1 Stop Time = 2024-12-26 21:56:50
2024-12-26 21:56:50,672 - INFO - PERFORMANCE  EPIC_Training_course_cogito_fundamentals_170_day_1 Short process duration less than 3 Seconds:0.72
2024-12-26 21:56:50,672 - INFO - PERFORMANCE  EPIC_Training_course_cogito_fundamentals_170_day_1 Performance optimization is not reccomended
2024-12-26 21:56:50,672 - INFO - END  EPIC_Training_course_cogito_fundamentals_170_day_1 =============================================

<<<<<<<<<<<<<<<<<<<<<<<<<<<<<<<<<<<<<<<<<<<<<<<<<<<<<<<<<<<<<<<<<<<<<<<<<<<<<<<<<<<<<<<<<<<<<<<<<<<<<<<<<<<<<<<<<<<<<<<<
                                                                                                                        
                                                                                                                        
>>>>>>>>>>>>>>>>>>>>>>>>>>>>>>>>>>>>>>>>>>>>>>>>>>>>>>>>>>>>>>>>>>>>>>>>>>>>>>>>>>>>>>>>>>>>>>>>>>>>>>>>>>>>>>>>>>>>>>>>
2024-12-26 21:57:50,024 - INFO - START  EPIC_Training_course_cogito_fundamentals_170_day_1 =============================================
2024-12-26 21:57:50,025 - INFO - START  EPIC_Training_course_cogito_fundamentals_170_day_1 Start Time = 2024-12-26 21:57:50
2024-12-26 21:57:50,025 - INFO -  EPIC_Training_course_cogito_fundamentals_170_day_1 Step 0 - Initialize the configuration file parser
2024-12-26 21:57:50,025 - INFO - Process  EPIC_Training_course_cogito_fundamentals_170_day_1 Step 0 - Initializing and starting Logging Process.
2024-12-26 21:57:50,748 - INFO - PERFORMANCE  EPIC_Training_course_cogito_fundamentals_170_day_1 The total process duration was:0.72
2024-12-26 21:57:50,748 - INFO - PERFORMANCE  EPIC_Training_course_cogito_fundamentals_170_day_1 Stop Time = 2024-12-26 21:57:50
2024-12-26 21:57:50,749 - INFO - PERFORMANCE  EPIC_Training_course_cogito_fundamentals_170_day_1 Short process duration less than 3 Seconds:0.72
2024-12-26 21:57:50,749 - INFO - PERFORMANCE  EPIC_Training_course_cogito_fundamentals_170_day_1 Performance optimization is not reccomended
2024-12-26 21:57:50,749 - INFO - END  EPIC_Training_course_cogito_fundamentals_170_day_1 =============================================

<<<<<<<<<<<<<<<<<<<<<<<<<<<<<<<<<<<<<<<<<<<<<<<<<<<<<<<<<<<<<<<<<<<<<<<<<<<<<<<<<<<<<<<<<<<<<<<<<<<<<<<<<<<<<<<<<<<<<<<<
                                                                                                                        
                                                                                                                        
>>>>>>>>>>>>>>>>>>>>>>>>>>>>>>>>>>>>>>>>>>>>>>>>>>>>>>>>>>>>>>>>>>>>>>>>>>>>>>>>>>>>>>>>>>>>>>>>>>>>>>>>>>>>>>>>>>>>>>>>
2024-12-26 21:59:10,535 - INFO - START  EPIC_Training_course_cogito_fundamentals_170_day_1 =============================================
2024-12-26 21:59:10,535 - INFO - START  EPIC_Training_course_cogito_fundamentals_170_day_1 Start Time = 2024-12-26 21:59:10
2024-12-26 21:59:10,536 - INFO -  EPIC_Training_course_cogito_fundamentals_170_day_1 Step 0 - Initialize the configuration file parser
2024-12-26 21:59:10,536 - INFO - Process  EPIC_Training_course_cogito_fundamentals_170_day_1 Step 0 - Initializing and starting Logging Process.
2024-12-26 21:59:11,258 - INFO - PERFORMANCE  EPIC_Training_course_cogito_fundamentals_170_day_1 The total process duration was:0.72
2024-12-26 21:59:11,258 - INFO - PERFORMANCE  EPIC_Training_course_cogito_fundamentals_170_day_1 Stop Time = 2024-12-26 21:59:11
2024-12-26 21:59:11,258 - INFO - PERFORMANCE  EPIC_Training_course_cogito_fundamentals_170_day_1 Short process duration less than 3 Seconds:0.72
2024-12-26 21:59:11,258 - INFO - PERFORMANCE  EPIC_Training_course_cogito_fundamentals_170_day_1 Performance optimization is not reccomended
2024-12-26 21:59:11,258 - INFO - END  EPIC_Training_course_cogito_fundamentals_170_day_1 =============================================

<<<<<<<<<<<<<<<<<<<<<<<<<<<<<<<<<<<<<<<<<<<<<<<<<<<<<<<<<<<<<<<<<<<<<<<<<<<<<<<<<<<<<<<<<<<<<<<<<<<<<<<<<<<<<<<<<<<<<<<<
                                                                                                                        
                                                                                                                        
>>>>>>>>>>>>>>>>>>>>>>>>>>>>>>>>>>>>>>>>>>>>>>>>>>>>>>>>>>>>>>>>>>>>>>>>>>>>>>>>>>>>>>>>>>>>>>>>>>>>>>>>>>>>>>>>>>>>>>>>
2024-12-26 22:00:18,566 - INFO - START  EPIC_Training_course_cogito_fundamentals_170_day_1 =============================================
2024-12-26 22:00:18,567 - INFO - START  EPIC_Training_course_cogito_fundamentals_170_day_1 Start Time = 2024-12-26 22:00:18
2024-12-26 22:00:18,567 - INFO -  EPIC_Training_course_cogito_fundamentals_170_day_1 Step 0 - Initialize the configuration file parser
2024-12-26 22:00:18,568 - INFO - Process  EPIC_Training_course_cogito_fundamentals_170_day_1 Step 0 - Initializing and starting Logging Process.
2024-12-26 22:00:19,293 - INFO - PERFORMANCE  EPIC_Training_course_cogito_fundamentals_170_day_1 The total process duration was:0.73
2024-12-26 22:00:19,293 - INFO - PERFORMANCE  EPIC_Training_course_cogito_fundamentals_170_day_1 Stop Time = 2024-12-26 22:00:19
2024-12-26 22:00:19,293 - INFO - PERFORMANCE  EPIC_Training_course_cogito_fundamentals_170_day_1 Short process duration less than 3 Seconds:0.73
2024-12-26 22:00:19,293 - INFO - PERFORMANCE  EPIC_Training_course_cogito_fundamentals_170_day_1 Performance optimization is not reccomended
2024-12-26 22:00:19,294 - INFO - END  EPIC_Training_course_cogito_fundamentals_170_day_1 =============================================

<<<<<<<<<<<<<<<<<<<<<<<<<<<<<<<<<<<<<<<<<<<<<<<<<<<<<<<<<<<<<<<<<<<<<<<<<<<<<<<<<<<<<<<<<<<<<<<<<<<<<<<<<<<<<<<<<<<<<<<<
                                                                                                                        
                                                                                                                        
>>>>>>>>>>>>>>>>>>>>>>>>>>>>>>>>>>>>>>>>>>>>>>>>>>>>>>>>>>>>>>>>>>>>>>>>>>>>>>>>>>>>>>>>>>>>>>>>>>>>>>>>>>>>>>>>>>>>>>>>
2024-12-26 22:02:26,191 - INFO - START  EPIC_Training_course_cogito_fundamentals_170_day_1 =============================================
2024-12-26 22:02:26,191 - INFO - START  EPIC_Training_course_cogito_fundamentals_170_day_1 Start Time = 2024-12-26 22:02:26
2024-12-26 22:02:26,191 - INFO -  EPIC_Training_course_cogito_fundamentals_170_day_1 Step 0 - Initialize the configuration file parser
2024-12-26 22:02:26,192 - INFO - Process  EPIC_Training_course_cogito_fundamentals_170_day_1 Step 0 - Initializing and starting Logging Process.
2024-12-26 22:02:26,918 - INFO - PERFORMANCE  EPIC_Training_course_cogito_fundamentals_170_day_1 The total process duration was:0.73
2024-12-26 22:02:26,918 - INFO - PERFORMANCE  EPIC_Training_course_cogito_fundamentals_170_day_1 Stop Time = 2024-12-26 22:02:26
2024-12-26 22:02:26,918 - INFO - PERFORMANCE  EPIC_Training_course_cogito_fundamentals_170_day_1 Short process duration less than 3 Seconds:0.73
2024-12-26 22:02:26,918 - INFO - PERFORMANCE  EPIC_Training_course_cogito_fundamentals_170_day_1 Performance optimization is not reccomended
2024-12-26 22:02:26,918 - INFO - END  EPIC_Training_course_cogito_fundamentals_170_day_1 =============================================

<<<<<<<<<<<<<<<<<<<<<<<<<<<<<<<<<<<<<<<<<<<<<<<<<<<<<<<<<<<<<<<<<<<<<<<<<<<<<<<<<<<<<<<<<<<<<<<<<<<<<<<<<<<<<<<<<<<<<<<<
                                                                                                                        
                                                                                                                        
>>>>>>>>>>>>>>>>>>>>>>>>>>>>>>>>>>>>>>>>>>>>>>>>>>>>>>>>>>>>>>>>>>>>>>>>>>>>>>>>>>>>>>>>>>>>>>>>>>>>>>>>>>>>>>>>>>>>>>>>
2024-12-26 22:03:30,662 - INFO - START  EPIC_Training_course_cogito_fundamentals_170_day_1 =============================================
2024-12-26 22:03:30,663 - INFO - START  EPIC_Training_course_cogito_fundamentals_170_day_1 Start Time = 2024-12-26 22:03:30
2024-12-26 22:03:30,663 - INFO -  EPIC_Training_course_cogito_fundamentals_170_day_1 Step 0 - Initialize the configuration file parser
2024-12-26 22:03:30,663 - INFO - Process  EPIC_Training_course_cogito_fundamentals_170_day_1 Step 0 - Initializing and starting Logging Process.
2024-12-26 22:03:31,381 - INFO - PERFORMANCE  EPIC_Training_course_cogito_fundamentals_170_day_1 The total process duration was:0.72
2024-12-26 22:03:31,381 - INFO - PERFORMANCE  EPIC_Training_course_cogito_fundamentals_170_day_1 Stop Time = 2024-12-26 22:03:31
2024-12-26 22:03:31,381 - INFO - PERFORMANCE  EPIC_Training_course_cogito_fundamentals_170_day_1 Short process duration less than 3 Seconds:0.72
2024-12-26 22:03:31,381 - INFO - PERFORMANCE  EPIC_Training_course_cogito_fundamentals_170_day_1 Performance optimization is not reccomended
2024-12-26 22:03:31,381 - INFO - END  EPIC_Training_course_cogito_fundamentals_170_day_1 =============================================

<<<<<<<<<<<<<<<<<<<<<<<<<<<<<<<<<<<<<<<<<<<<<<<<<<<<<<<<<<<<<<<<<<<<<<<<<<<<<<<<<<<<<<<<<<<<<<<<<<<<<<<<<<<<<<<<<<<<<<<<
                                                                                                                        
                                                                                                                        
>>>>>>>>>>>>>>>>>>>>>>>>>>>>>>>>>>>>>>>>>>>>>>>>>>>>>>>>>>>>>>>>>>>>>>>>>>>>>>>>>>>>>>>>>>>>>>>>>>>>>>>>>>>>>>>>>>>>>>>>
2024-12-26 22:04:18,749 - INFO - START  EPIC_Training_course_cogito_fundamentals_170_day_1 =============================================
2024-12-26 22:04:18,749 - INFO - START  EPIC_Training_course_cogito_fundamentals_170_day_1 Start Time = 2024-12-26 22:04:18
2024-12-26 22:04:18,749 - INFO -  EPIC_Training_course_cogito_fundamentals_170_day_1 Step 0 - Initialize the configuration file parser
2024-12-26 22:04:18,750 - INFO - Process  EPIC_Training_course_cogito_fundamentals_170_day_1 Step 0 - Initializing and starting Logging Process.
2024-12-26 22:04:19,539 - INFO - PERFORMANCE  EPIC_Training_course_cogito_fundamentals_170_day_1 The total process duration was:0.79
2024-12-26 22:04:19,539 - INFO - PERFORMANCE  EPIC_Training_course_cogito_fundamentals_170_day_1 Stop Time = 2024-12-26 22:04:19
2024-12-26 22:04:19,539 - INFO - PERFORMANCE  EPIC_Training_course_cogito_fundamentals_170_day_1 Short process duration less than 3 Seconds:0.79
2024-12-26 22:04:19,539 - INFO - PERFORMANCE  EPIC_Training_course_cogito_fundamentals_170_day_1 Performance optimization is not reccomended
2024-12-26 22:04:19,539 - INFO - END  EPIC_Training_course_cogito_fundamentals_170_day_1 =============================================

<<<<<<<<<<<<<<<<<<<<<<<<<<<<<<<<<<<<<<<<<<<<<<<<<<<<<<<<<<<<<<<<<<<<<<<<<<<<<<<<<<<<<<<<<<<<<<<<<<<<<<<<<<<<<<<<<<<<<<<<
                                                                                                                        
                                                                                                                        
>>>>>>>>>>>>>>>>>>>>>>>>>>>>>>>>>>>>>>>>>>>>>>>>>>>>>>>>>>>>>>>>>>>>>>>>>>>>>>>>>>>>>>>>>>>>>>>>>>>>>>>>>>>>>>>>>>>>>>>>
2024-12-26 22:05:28,163 - INFO - START  EPIC_Training_course_cogito_fundamentals_170_day_1 =============================================
2024-12-26 22:05:28,163 - INFO - START  EPIC_Training_course_cogito_fundamentals_170_day_1 Start Time = 2024-12-26 22:05:28
2024-12-26 22:05:28,163 - INFO -  EPIC_Training_course_cogito_fundamentals_170_day_1 Step 0 - Initialize the configuration file parser
2024-12-26 22:05:28,164 - INFO - Process  EPIC_Training_course_cogito_fundamentals_170_day_1 Step 0 - Initializing and starting Logging Process.
2024-12-26 22:05:28,883 - INFO - PERFORMANCE  EPIC_Training_course_cogito_fundamentals_170_day_1 The total process duration was:0.72
2024-12-26 22:05:28,883 - INFO - PERFORMANCE  EPIC_Training_course_cogito_fundamentals_170_day_1 Stop Time = 2024-12-26 22:05:28
2024-12-26 22:05:28,883 - INFO - PERFORMANCE  EPIC_Training_course_cogito_fundamentals_170_day_1 Short process duration less than 3 Seconds:0.72
2024-12-26 22:05:28,884 - INFO - PERFORMANCE  EPIC_Training_course_cogito_fundamentals_170_day_1 Performance optimization is not reccomended
2024-12-26 22:05:28,884 - INFO - END  EPIC_Training_course_cogito_fundamentals_170_day_1 =============================================

<<<<<<<<<<<<<<<<<<<<<<<<<<<<<<<<<<<<<<<<<<<<<<<<<<<<<<<<<<<<<<<<<<<<<<<<<<<<<<<<<<<<<<<<<<<<<<<<<<<<<<<<<<<<<<<<<<<<<<<<
                                                                                                                        
                                                                                                                        
>>>>>>>>>>>>>>>>>>>>>>>>>>>>>>>>>>>>>>>>>>>>>>>>>>>>>>>>>>>>>>>>>>>>>>>>>>>>>>>>>>>>>>>>>>>>>>>>>>>>>>>>>>>>>>>>>>>>>>>>
2024-12-26 22:06:27,932 - INFO - START  EPIC_Training_course_cogito_fundamentals_170_day_1 =============================================
2024-12-26 22:06:27,933 - INFO - START  EPIC_Training_course_cogito_fundamentals_170_day_1 Start Time = 2024-12-26 22:06:27
2024-12-26 22:06:27,933 - INFO -  EPIC_Training_course_cogito_fundamentals_170_day_1 Step 0 - Initialize the configuration file parser
2024-12-26 22:06:27,934 - INFO - Process  EPIC_Training_course_cogito_fundamentals_170_day_1 Step 0 - Initializing and starting Logging Process.
2024-12-26 22:06:28,671 - INFO - PERFORMANCE  EPIC_Training_course_cogito_fundamentals_170_day_1 The total process duration was:0.74
2024-12-26 22:06:28,671 - INFO - PERFORMANCE  EPIC_Training_course_cogito_fundamentals_170_day_1 Stop Time = 2024-12-26 22:06:28
2024-12-26 22:06:28,671 - INFO - PERFORMANCE  EPIC_Training_course_cogito_fundamentals_170_day_1 Short process duration less than 3 Seconds:0.74
2024-12-26 22:06:28,671 - INFO - PERFORMANCE  EPIC_Training_course_cogito_fundamentals_170_day_1 Performance optimization is not reccomended
2024-12-26 22:06:28,671 - INFO - END  EPIC_Training_course_cogito_fundamentals_170_day_1 =============================================

<<<<<<<<<<<<<<<<<<<<<<<<<<<<<<<<<<<<<<<<<<<<<<<<<<<<<<<<<<<<<<<<<<<<<<<<<<<<<<<<<<<<<<<<<<<<<<<<<<<<<<<<<<<<<<<<<<<<<<<<
                                                                                                                        
                                                                                                                        
>>>>>>>>>>>>>>>>>>>>>>>>>>>>>>>>>>>>>>>>>>>>>>>>>>>>>>>>>>>>>>>>>>>>>>>>>>>>>>>>>>>>>>>>>>>>>>>>>>>>>>>>>>>>>>>>>>>>>>>>
2024-12-26 22:07:55,890 - INFO - START  EPIC_Training_course_cogito_fundamentals_170_day_1 =============================================
2024-12-26 22:07:55,890 - INFO - START  EPIC_Training_course_cogito_fundamentals_170_day_1 Start Time = 2024-12-26 22:07:55
2024-12-26 22:07:55,891 - INFO -  EPIC_Training_course_cogito_fundamentals_170_day_1 Step 0 - Initialize the configuration file parser
2024-12-26 22:07:55,891 - INFO - Process  EPIC_Training_course_cogito_fundamentals_170_day_1 Step 0 - Initializing and starting Logging Process.
2024-12-26 22:07:56,610 - INFO - PERFORMANCE  EPIC_Training_course_cogito_fundamentals_170_day_1 The total process duration was:0.72
2024-12-26 22:07:56,611 - INFO - PERFORMANCE  EPIC_Training_course_cogito_fundamentals_170_day_1 Stop Time = 2024-12-26 22:07:56
2024-12-26 22:07:56,611 - INFO - PERFORMANCE  EPIC_Training_course_cogito_fundamentals_170_day_1 Short process duration less than 3 Seconds:0.72
2024-12-26 22:07:56,611 - INFO - PERFORMANCE  EPIC_Training_course_cogito_fundamentals_170_day_1 Performance optimization is not reccomended
2024-12-26 22:07:56,611 - INFO - END  EPIC_Training_course_cogito_fundamentals_170_day_1 =============================================

<<<<<<<<<<<<<<<<<<<<<<<<<<<<<<<<<<<<<<<<<<<<<<<<<<<<<<<<<<<<<<<<<<<<<<<<<<<<<<<<<<<<<<<<<<<<<<<<<<<<<<<<<<<<<<<<<<<<<<<<
                                                                                                                        
                                                                                                                        
>>>>>>>>>>>>>>>>>>>>>>>>>>>>>>>>>>>>>>>>>>>>>>>>>>>>>>>>>>>>>>>>>>>>>>>>>>>>>>>>>>>>>>>>>>>>>>>>>>>>>>>>>>>>>>>>>>>>>>>>
2024-12-26 22:09:23,036 - INFO - START  EPIC_Training_course_cogito_fundamentals_170_day_1 =============================================
2024-12-26 22:09:23,036 - INFO - START  EPIC_Training_course_cogito_fundamentals_170_day_1 Start Time = 2024-12-26 22:09:23
2024-12-26 22:09:23,036 - INFO -  EPIC_Training_course_cogito_fundamentals_170_day_1 Step 0 - Initialize the configuration file parser
2024-12-26 22:09:23,037 - INFO - Process  EPIC_Training_course_cogito_fundamentals_170_day_1 Step 0 - Initializing and starting Logging Process.
2024-12-26 22:09:23,756 - INFO - PERFORMANCE  EPIC_Training_course_cogito_fundamentals_170_day_1 The total process duration was:0.72
2024-12-26 22:09:23,756 - INFO - PERFORMANCE  EPIC_Training_course_cogito_fundamentals_170_day_1 Stop Time = 2024-12-26 22:09:23
2024-12-26 22:09:23,756 - INFO - PERFORMANCE  EPIC_Training_course_cogito_fundamentals_170_day_1 Short process duration less than 3 Seconds:0.72
2024-12-26 22:09:23,756 - INFO - PERFORMANCE  EPIC_Training_course_cogito_fundamentals_170_day_1 Performance optimization is not reccomended
2024-12-26 22:09:23,756 - INFO - END  EPIC_Training_course_cogito_fundamentals_170_day_1 =============================================

<<<<<<<<<<<<<<<<<<<<<<<<<<<<<<<<<<<<<<<<<<<<<<<<<<<<<<<<<<<<<<<<<<<<<<<<<<<<<<<<<<<<<<<<<<<<<<<<<<<<<<<<<<<<<<<<<<<<<<<<
                                                                                                                        
                                                                                                                        
>>>>>>>>>>>>>>>>>>>>>>>>>>>>>>>>>>>>>>>>>>>>>>>>>>>>>>>>>>>>>>>>>>>>>>>>>>>>>>>>>>>>>>>>>>>>>>>>>>>>>>>>>>>>>>>>>>>>>>>>
2024-12-26 22:10:43,712 - INFO - START  EPIC_Training_course_cogito_fundamentals_170_day_1 =============================================
2024-12-26 22:10:43,712 - INFO - START  EPIC_Training_course_cogito_fundamentals_170_day_1 Start Time = 2024-12-26 22:10:43
2024-12-26 22:10:43,712 - INFO -  EPIC_Training_course_cogito_fundamentals_170_day_1 Step 0 - Initialize the configuration file parser
2024-12-26 22:10:43,713 - INFO - Process  EPIC_Training_course_cogito_fundamentals_170_day_1 Step 0 - Initializing and starting Logging Process.
2024-12-26 22:10:44,515 - INFO - PERFORMANCE  EPIC_Training_course_cogito_fundamentals_170_day_1 The total process duration was:0.80
2024-12-26 22:10:44,516 - INFO - PERFORMANCE  EPIC_Training_course_cogito_fundamentals_170_day_1 Stop Time = 2024-12-26 22:10:44
2024-12-26 22:10:44,516 - INFO - PERFORMANCE  EPIC_Training_course_cogito_fundamentals_170_day_1 Short process duration less than 3 Seconds:0.80
2024-12-26 22:10:44,516 - INFO - PERFORMANCE  EPIC_Training_course_cogito_fundamentals_170_day_1 Performance optimization is not reccomended
2024-12-26 22:10:44,516 - INFO - END  EPIC_Training_course_cogito_fundamentals_170_day_1 =============================================

<<<<<<<<<<<<<<<<<<<<<<<<<<<<<<<<<<<<<<<<<<<<<<<<<<<<<<<<<<<<<<<<<<<<<<<<<<<<<<<<<<<<<<<<<<<<<<<<<<<<<<<<<<<<<<<<<<<<<<<<
                                                                                                                        
                                                                                                                        
>>>>>>>>>>>>>>>>>>>>>>>>>>>>>>>>>>>>>>>>>>>>>>>>>>>>>>>>>>>>>>>>>>>>>>>>>>>>>>>>>>>>>>>>>>>>>>>>>>>>>>>>>>>>>>>>>>>>>>>>
2024-12-26 22:11:48,251 - INFO - START  EPIC_Training_course_cogito_fundamentals_170_day_1 =============================================
2024-12-26 22:11:48,252 - INFO - START  EPIC_Training_course_cogito_fundamentals_170_day_1 Start Time = 2024-12-26 22:11:48
2024-12-26 22:11:48,252 - INFO -  EPIC_Training_course_cogito_fundamentals_170_day_1 Step 0 - Initialize the configuration file parser
2024-12-26 22:11:48,252 - INFO - Process  EPIC_Training_course_cogito_fundamentals_170_day_1 Step 0 - Initializing and starting Logging Process.
2024-12-26 22:11:48,975 - INFO - PERFORMANCE  EPIC_Training_course_cogito_fundamentals_170_day_1 The total process duration was:0.72
2024-12-26 22:11:48,975 - INFO - PERFORMANCE  EPIC_Training_course_cogito_fundamentals_170_day_1 Stop Time = 2024-12-26 22:11:48
2024-12-26 22:11:48,975 - INFO - PERFORMANCE  EPIC_Training_course_cogito_fundamentals_170_day_1 Short process duration less than 3 Seconds:0.72
2024-12-26 22:11:48,975 - INFO - PERFORMANCE  EPIC_Training_course_cogito_fundamentals_170_day_1 Performance optimization is not reccomended
2024-12-26 22:11:48,976 - INFO - END  EPIC_Training_course_cogito_fundamentals_170_day_1 =============================================

<<<<<<<<<<<<<<<<<<<<<<<<<<<<<<<<<<<<<<<<<<<<<<<<<<<<<<<<<<<<<<<<<<<<<<<<<<<<<<<<<<<<<<<<<<<<<<<<<<<<<<<<<<<<<<<<<<<<<<<<
                                                                                                                        
                                                                                                                        
>>>>>>>>>>>>>>>>>>>>>>>>>>>>>>>>>>>>>>>>>>>>>>>>>>>>>>>>>>>>>>>>>>>>>>>>>>>>>>>>>>>>>>>>>>>>>>>>>>>>>>>>>>>>>>>>>>>>>>>>
2024-12-26 22:12:18,996 - INFO - START  EPIC_Training_course_cogito_fundamentals_170_day_1 =============================================
2024-12-26 22:12:18,997 - INFO - START  EPIC_Training_course_cogito_fundamentals_170_day_1 Start Time = 2024-12-26 22:12:18
2024-12-26 22:12:18,997 - INFO -  EPIC_Training_course_cogito_fundamentals_170_day_1 Step 0 - Initialize the configuration file parser
2024-12-26 22:12:18,998 - INFO - Process  EPIC_Training_course_cogito_fundamentals_170_day_1 Step 0 - Initializing and starting Logging Process.
2024-12-26 22:12:19,721 - INFO - PERFORMANCE  EPIC_Training_course_cogito_fundamentals_170_day_1 The total process duration was:0.73
2024-12-26 22:12:19,722 - INFO - PERFORMANCE  EPIC_Training_course_cogito_fundamentals_170_day_1 Stop Time = 2024-12-26 22:12:19
2024-12-26 22:12:19,722 - INFO - PERFORMANCE  EPIC_Training_course_cogito_fundamentals_170_day_1 Short process duration less than 3 Seconds:0.73
2024-12-26 22:12:19,722 - INFO - PERFORMANCE  EPIC_Training_course_cogito_fundamentals_170_day_1 Performance optimization is not reccomended
2024-12-26 22:12:19,723 - INFO - END  EPIC_Training_course_cogito_fundamentals_170_day_1 =============================================

<<<<<<<<<<<<<<<<<<<<<<<<<<<<<<<<<<<<<<<<<<<<<<<<<<<<<<<<<<<<<<<<<<<<<<<<<<<<<<<<<<<<<<<<<<<<<<<<<<<<<<<<<<<<<<<<<<<<<<<<
                                                                                                                        
                                                                                                                        
>>>>>>>>>>>>>>>>>>>>>>>>>>>>>>>>>>>>>>>>>>>>>>>>>>>>>>>>>>>>>>>>>>>>>>>>>>>>>>>>>>>>>>>>>>>>>>>>>>>>>>>>>>>>>>>>>>>>>>>>
2024-12-26 22:14:18,722 - INFO - START  EPIC_Training_course_cogito_fundamentals_170_day_1 =============================================
2024-12-26 22:14:18,723 - INFO - START  EPIC_Training_course_cogito_fundamentals_170_day_1 Start Time = 2024-12-26 22:14:18
2024-12-26 22:14:18,723 - INFO -  EPIC_Training_course_cogito_fundamentals_170_day_1 Step 0 - Initialize the configuration file parser
2024-12-26 22:14:18,723 - INFO - Process  EPIC_Training_course_cogito_fundamentals_170_day_1 Step 0 - Initializing and starting Logging Process.
2024-12-26 22:14:19,448 - INFO - PERFORMANCE  EPIC_Training_course_cogito_fundamentals_170_day_1 The total process duration was:0.73
2024-12-26 22:14:19,449 - INFO - PERFORMANCE  EPIC_Training_course_cogito_fundamentals_170_day_1 Stop Time = 2024-12-26 22:14:19
2024-12-26 22:14:19,449 - INFO - PERFORMANCE  EPIC_Training_course_cogito_fundamentals_170_day_1 Short process duration less than 3 Seconds:0.73
2024-12-26 22:14:19,449 - INFO - PERFORMANCE  EPIC_Training_course_cogito_fundamentals_170_day_1 Performance optimization is not reccomended
2024-12-26 22:14:19,449 - INFO - END  EPIC_Training_course_cogito_fundamentals_170_day_1 =============================================

<<<<<<<<<<<<<<<<<<<<<<<<<<<<<<<<<<<<<<<<<<<<<<<<<<<<<<<<<<<<<<<<<<<<<<<<<<<<<<<<<<<<<<<<<<<<<<<<<<<<<<<<<<<<<<<<<<<<<<<<
                                                                                                                        
                                                                                                                        
>>>>>>>>>>>>>>>>>>>>>>>>>>>>>>>>>>>>>>>>>>>>>>>>>>>>>>>>>>>>>>>>>>>>>>>>>>>>>>>>>>>>>>>>>>>>>>>>>>>>>>>>>>>>>>>>>>>>>>>>
2024-12-26 22:15:01,732 - INFO - START  EPIC_Training_course_cogito_fundamentals_170_day_1 =============================================
2024-12-26 22:15:01,732 - INFO - START  EPIC_Training_course_cogito_fundamentals_170_day_1 Start Time = 2024-12-26 22:15:01
2024-12-26 22:15:01,732 - INFO -  EPIC_Training_course_cogito_fundamentals_170_day_1 Step 0 - Initialize the configuration file parser
2024-12-26 22:15:01,733 - INFO - Process  EPIC_Training_course_cogito_fundamentals_170_day_1 Step 0 - Initializing and starting Logging Process.
2024-12-26 22:15:02,493 - INFO - PERFORMANCE  EPIC_Training_course_cogito_fundamentals_170_day_1 The total process duration was:0.76
2024-12-26 22:15:02,494 - INFO - PERFORMANCE  EPIC_Training_course_cogito_fundamentals_170_day_1 Stop Time = 2024-12-26 22:15:02
2024-12-26 22:15:02,494 - INFO - PERFORMANCE  EPIC_Training_course_cogito_fundamentals_170_day_1 Short process duration less than 3 Seconds:0.76
2024-12-26 22:15:02,494 - INFO - PERFORMANCE  EPIC_Training_course_cogito_fundamentals_170_day_1 Performance optimization is not reccomended
2024-12-26 22:15:02,494 - INFO - END  EPIC_Training_course_cogito_fundamentals_170_day_1 =============================================

<<<<<<<<<<<<<<<<<<<<<<<<<<<<<<<<<<<<<<<<<<<<<<<<<<<<<<<<<<<<<<<<<<<<<<<<<<<<<<<<<<<<<<<<<<<<<<<<<<<<<<<<<<<<<<<<<<<<<<<<
                                                                                                                        
                                                                                                                        
>>>>>>>>>>>>>>>>>>>>>>>>>>>>>>>>>>>>>>>>>>>>>>>>>>>>>>>>>>>>>>>>>>>>>>>>>>>>>>>>>>>>>>>>>>>>>>>>>>>>>>>>>>>>>>>>>>>>>>>>
2024-12-26 22:15:30,414 - INFO - START  EPIC_Training_course_cogito_fundamentals_170_day_1 =============================================
2024-12-26 22:15:30,414 - INFO - START  EPIC_Training_course_cogito_fundamentals_170_day_1 Start Time = 2024-12-26 22:15:30
2024-12-26 22:15:30,414 - INFO -  EPIC_Training_course_cogito_fundamentals_170_day_1 Step 0 - Initialize the configuration file parser
2024-12-26 22:15:30,415 - INFO - Process  EPIC_Training_course_cogito_fundamentals_170_day_1 Step 0 - Initializing and starting Logging Process.
2024-12-26 22:15:31,166 - INFO - PERFORMANCE  EPIC_Training_course_cogito_fundamentals_170_day_1 The total process duration was:0.75
2024-12-26 22:15:31,166 - INFO - PERFORMANCE  EPIC_Training_course_cogito_fundamentals_170_day_1 Stop Time = 2024-12-26 22:15:31
2024-12-26 22:15:31,166 - INFO - PERFORMANCE  EPIC_Training_course_cogito_fundamentals_170_day_1 Short process duration less than 3 Seconds:0.75
2024-12-26 22:15:31,166 - INFO - PERFORMANCE  EPIC_Training_course_cogito_fundamentals_170_day_1 Performance optimization is not reccomended
2024-12-26 22:15:31,167 - INFO - END  EPIC_Training_course_cogito_fundamentals_170_day_1 =============================================

<<<<<<<<<<<<<<<<<<<<<<<<<<<<<<<<<<<<<<<<<<<<<<<<<<<<<<<<<<<<<<<<<<<<<<<<<<<<<<<<<<<<<<<<<<<<<<<<<<<<<<<<<<<<<<<<<<<<<<<<
                                                                                                                        
                                                                                                                        
>>>>>>>>>>>>>>>>>>>>>>>>>>>>>>>>>>>>>>>>>>>>>>>>>>>>>>>>>>>>>>>>>>>>>>>>>>>>>>>>>>>>>>>>>>>>>>>>>>>>>>>>>>>>>>>>>>>>>>>>
2024-12-26 22:15:49,999 - INFO - START  EPIC_Training_course_cogito_fundamentals_170_day_1 =============================================
2024-12-26 22:15:49,999 - INFO - START  EPIC_Training_course_cogito_fundamentals_170_day_1 Start Time = 2024-12-26 22:15:49
2024-12-26 22:15:49,999 - INFO -  EPIC_Training_course_cogito_fundamentals_170_day_1 Step 0 - Initialize the configuration file parser
2024-12-26 22:15:50,000 - INFO - Process  EPIC_Training_course_cogito_fundamentals_170_day_1 Step 0 - Initializing and starting Logging Process.
2024-12-26 22:15:50,720 - INFO - PERFORMANCE  EPIC_Training_course_cogito_fundamentals_170_day_1 The total process duration was:0.72
2024-12-26 22:15:50,720 - INFO - PERFORMANCE  EPIC_Training_course_cogito_fundamentals_170_day_1 Stop Time = 2024-12-26 22:15:50
2024-12-26 22:15:50,720 - INFO - PERFORMANCE  EPIC_Training_course_cogito_fundamentals_170_day_1 Short process duration less than 3 Seconds:0.72
2024-12-26 22:15:50,720 - INFO - PERFORMANCE  EPIC_Training_course_cogito_fundamentals_170_day_1 Performance optimization is not reccomended
2024-12-26 22:15:50,720 - INFO - END  EPIC_Training_course_cogito_fundamentals_170_day_1 =============================================

<<<<<<<<<<<<<<<<<<<<<<<<<<<<<<<<<<<<<<<<<<<<<<<<<<<<<<<<<<<<<<<<<<<<<<<<<<<<<<<<<<<<<<<<<<<<<<<<<<<<<<<<<<<<<<<<<<<<<<<<
                                                                                                                        
                                                                                                                        
>>>>>>>>>>>>>>>>>>>>>>>>>>>>>>>>>>>>>>>>>>>>>>>>>>>>>>>>>>>>>>>>>>>>>>>>>>>>>>>>>>>>>>>>>>>>>>>>>>>>>>>>>>>>>>>>>>>>>>>>
2024-12-26 22:16:05,954 - INFO - START  EPIC_Training_course_cogito_fundamentals_170_day_1 =============================================
2024-12-26 22:16:05,954 - INFO - START  EPIC_Training_course_cogito_fundamentals_170_day_1 Start Time = 2024-12-26 22:16:05
2024-12-26 22:16:05,954 - INFO -  EPIC_Training_course_cogito_fundamentals_170_day_1 Step 0 - Initialize the configuration file parser
2024-12-26 22:16:05,955 - INFO - Process  EPIC_Training_course_cogito_fundamentals_170_day_1 Step 0 - Initializing and starting Logging Process.
2024-12-26 22:16:06,703 - INFO - PERFORMANCE  EPIC_Training_course_cogito_fundamentals_170_day_1 The total process duration was:0.75
2024-12-26 22:16:06,703 - INFO - PERFORMANCE  EPIC_Training_course_cogito_fundamentals_170_day_1 Stop Time = 2024-12-26 22:16:06
2024-12-26 22:16:06,703 - INFO - PERFORMANCE  EPIC_Training_course_cogito_fundamentals_170_day_1 Short process duration less than 3 Seconds:0.75
2024-12-26 22:16:06,703 - INFO - PERFORMANCE  EPIC_Training_course_cogito_fundamentals_170_day_1 Performance optimization is not reccomended
2024-12-26 22:16:06,703 - INFO - END  EPIC_Training_course_cogito_fundamentals_170_day_1 =============================================

<<<<<<<<<<<<<<<<<<<<<<<<<<<<<<<<<<<<<<<<<<<<<<<<<<<<<<<<<<<<<<<<<<<<<<<<<<<<<<<<<<<<<<<<<<<<<<<<<<<<<<<<<<<<<<<<<<<<<<<<
                                                                                                                        
                                                                                                                        
>>>>>>>>>>>>>>>>>>>>>>>>>>>>>>>>>>>>>>>>>>>>>>>>>>>>>>>>>>>>>>>>>>>>>>>>>>>>>>>>>>>>>>>>>>>>>>>>>>>>>>>>>>>>>>>>>>>>>>>>
2024-12-26 22:17:00,286 - INFO - START  EPIC_Training_course_cogito_fundamentals_170_day_1 =============================================
2024-12-26 22:17:00,286 - INFO - START  EPIC_Training_course_cogito_fundamentals_170_day_1 Start Time = 2024-12-26 22:17:00
2024-12-26 22:17:00,286 - INFO -  EPIC_Training_course_cogito_fundamentals_170_day_1 Step 0 - Initialize the configuration file parser
2024-12-26 22:17:00,286 - INFO - Process  EPIC_Training_course_cogito_fundamentals_170_day_1 Step 0 - Initializing and starting Logging Process.
2024-12-26 22:17:01,000 - INFO - PERFORMANCE  EPIC_Training_course_cogito_fundamentals_170_day_1 The total process duration was:0.72
2024-12-26 22:17:01,000 - INFO - PERFORMANCE  EPIC_Training_course_cogito_fundamentals_170_day_1 Stop Time = 2024-12-26 22:17:01
2024-12-26 22:17:01,000 - INFO - PERFORMANCE  EPIC_Training_course_cogito_fundamentals_170_day_1 Short process duration less than 3 Seconds:0.72
2024-12-26 22:17:01,000 - INFO - PERFORMANCE  EPIC_Training_course_cogito_fundamentals_170_day_1 Performance optimization is not reccomended
2024-12-26 22:17:01,000 - INFO - END  EPIC_Training_course_cogito_fundamentals_170_day_1 =============================================

<<<<<<<<<<<<<<<<<<<<<<<<<<<<<<<<<<<<<<<<<<<<<<<<<<<<<<<<<<<<<<<<<<<<<<<<<<<<<<<<<<<<<<<<<<<<<<<<<<<<<<<<<<<<<<<<<<<<<<<<
                                                                                                                        
                                                                                                                        
>>>>>>>>>>>>>>>>>>>>>>>>>>>>>>>>>>>>>>>>>>>>>>>>>>>>>>>>>>>>>>>>>>>>>>>>>>>>>>>>>>>>>>>>>>>>>>>>>>>>>>>>>>>>>>>>>>>>>>>>
2024-12-26 22:17:49,927 - INFO - START  EPIC_Training_course_cogito_fundamentals_170_day_1 =============================================
2024-12-26 22:17:49,927 - INFO - START  EPIC_Training_course_cogito_fundamentals_170_day_1 Start Time = 2024-12-26 22:17:49
2024-12-26 22:17:49,927 - INFO -  EPIC_Training_course_cogito_fundamentals_170_day_1 Step 0 - Initialize the configuration file parser
2024-12-26 22:17:49,928 - INFO - Process  EPIC_Training_course_cogito_fundamentals_170_day_1 Step 0 - Initializing and starting Logging Process.
2024-12-26 22:17:50,732 - INFO - PERFORMANCE  EPIC_Training_course_cogito_fundamentals_170_day_1 The total process duration was:0.81
2024-12-26 22:17:50,732 - INFO - PERFORMANCE  EPIC_Training_course_cogito_fundamentals_170_day_1 Stop Time = 2024-12-26 22:17:50
2024-12-26 22:17:50,732 - INFO - PERFORMANCE  EPIC_Training_course_cogito_fundamentals_170_day_1 Short process duration less than 3 Seconds:0.81
2024-12-26 22:17:50,732 - INFO - PERFORMANCE  EPIC_Training_course_cogito_fundamentals_170_day_1 Performance optimization is not reccomended
2024-12-26 22:17:50,732 - INFO - END  EPIC_Training_course_cogito_fundamentals_170_day_1 =============================================

<<<<<<<<<<<<<<<<<<<<<<<<<<<<<<<<<<<<<<<<<<<<<<<<<<<<<<<<<<<<<<<<<<<<<<<<<<<<<<<<<<<<<<<<<<<<<<<<<<<<<<<<<<<<<<<<<<<<<<<<
                                                                                                                        
                                                                                                                        
>>>>>>>>>>>>>>>>>>>>>>>>>>>>>>>>>>>>>>>>>>>>>>>>>>>>>>>>>>>>>>>>>>>>>>>>>>>>>>>>>>>>>>>>>>>>>>>>>>>>>>>>>>>>>>>>>>>>>>>>
2024-12-26 22:18:46,225 - INFO - START  EPIC_Training_course_cogito_fundamentals_170_day_1 =============================================
2024-12-26 22:18:46,226 - INFO - START  EPIC_Training_course_cogito_fundamentals_170_day_1 Start Time = 2024-12-26 22:18:46
2024-12-26 22:18:46,226 - INFO -  EPIC_Training_course_cogito_fundamentals_170_day_1 Step 0 - Initialize the configuration file parser
2024-12-26 22:18:46,227 - INFO - Process  EPIC_Training_course_cogito_fundamentals_170_day_1 Step 0 - Initializing and starting Logging Process.
2024-12-26 22:18:46,977 - INFO - PERFORMANCE  EPIC_Training_course_cogito_fundamentals_170_day_1 The total process duration was:0.75
2024-12-26 22:18:46,977 - INFO - PERFORMANCE  EPIC_Training_course_cogito_fundamentals_170_day_1 Stop Time = 2024-12-26 22:18:46
2024-12-26 22:18:46,977 - INFO - PERFORMANCE  EPIC_Training_course_cogito_fundamentals_170_day_1 Short process duration less than 3 Seconds:0.75
2024-12-26 22:18:46,977 - INFO - PERFORMANCE  EPIC_Training_course_cogito_fundamentals_170_day_1 Performance optimization is not reccomended
2024-12-26 22:18:46,977 - INFO - END  EPIC_Training_course_cogito_fundamentals_170_day_1 =============================================

<<<<<<<<<<<<<<<<<<<<<<<<<<<<<<<<<<<<<<<<<<<<<<<<<<<<<<<<<<<<<<<<<<<<<<<<<<<<<<<<<<<<<<<<<<<<<<<<<<<<<<<<<<<<<<<<<<<<<<<<
                                                                                                                        
                                                                                                                        
>>>>>>>>>>>>>>>>>>>>>>>>>>>>>>>>>>>>>>>>>>>>>>>>>>>>>>>>>>>>>>>>>>>>>>>>>>>>>>>>>>>>>>>>>>>>>>>>>>>>>>>>>>>>>>>>>>>>>>>>
2024-12-26 22:19:30,023 - INFO - START  EPIC_Training_course_cogito_fundamentals_170_day_1 =============================================
2024-12-26 22:19:30,023 - INFO - START  EPIC_Training_course_cogito_fundamentals_170_day_1 Start Time = 2024-12-26 22:19:30
2024-12-26 22:19:30,024 - INFO -  EPIC_Training_course_cogito_fundamentals_170_day_1 Step 0 - Initialize the configuration file parser
2024-12-26 22:19:30,024 - INFO - Process  EPIC_Training_course_cogito_fundamentals_170_day_1 Step 0 - Initializing and starting Logging Process.
2024-12-26 22:19:30,748 - INFO - PERFORMANCE  EPIC_Training_course_cogito_fundamentals_170_day_1 The total process duration was:0.73
2024-12-26 22:19:30,748 - INFO - PERFORMANCE  EPIC_Training_course_cogito_fundamentals_170_day_1 Stop Time = 2024-12-26 22:19:30
2024-12-26 22:19:30,748 - INFO - PERFORMANCE  EPIC_Training_course_cogito_fundamentals_170_day_1 Short process duration less than 3 Seconds:0.73
2024-12-26 22:19:30,748 - INFO - PERFORMANCE  EPIC_Training_course_cogito_fundamentals_170_day_1 Performance optimization is not reccomended
2024-12-26 22:19:30,748 - INFO - END  EPIC_Training_course_cogito_fundamentals_170_day_1 =============================================

<<<<<<<<<<<<<<<<<<<<<<<<<<<<<<<<<<<<<<<<<<<<<<<<<<<<<<<<<<<<<<<<<<<<<<<<<<<<<<<<<<<<<<<<<<<<<<<<<<<<<<<<<<<<<<<<<<<<<<<<
                                                                                                                        
                                                                                                                        
>>>>>>>>>>>>>>>>>>>>>>>>>>>>>>>>>>>>>>>>>>>>>>>>>>>>>>>>>>>>>>>>>>>>>>>>>>>>>>>>>>>>>>>>>>>>>>>>>>>>>>>>>>>>>>>>>>>>>>>>
2024-12-26 22:20:21,119 - INFO - START  EPIC_Training_course_cogito_fundamentals_170_day_1 =============================================
2024-12-26 22:20:21,119 - INFO - START  EPIC_Training_course_cogito_fundamentals_170_day_1 Start Time = 2024-12-26 22:20:21
2024-12-26 22:20:21,119 - INFO -  EPIC_Training_course_cogito_fundamentals_170_day_1 Step 0 - Initialize the configuration file parser
2024-12-26 22:20:21,120 - INFO - Process  EPIC_Training_course_cogito_fundamentals_170_day_1 Step 0 - Initializing and starting Logging Process.
2024-12-26 22:20:21,839 - INFO - PERFORMANCE  EPIC_Training_course_cogito_fundamentals_170_day_1 The total process duration was:0.72
2024-12-26 22:20:21,839 - INFO - PERFORMANCE  EPIC_Training_course_cogito_fundamentals_170_day_1 Stop Time = 2024-12-26 22:20:21
2024-12-26 22:20:21,839 - INFO - PERFORMANCE  EPIC_Training_course_cogito_fundamentals_170_day_1 Short process duration less than 3 Seconds:0.72
2024-12-26 22:20:21,839 - INFO - PERFORMANCE  EPIC_Training_course_cogito_fundamentals_170_day_1 Performance optimization is not reccomended
2024-12-26 22:20:21,839 - INFO - END  EPIC_Training_course_cogito_fundamentals_170_day_1 =============================================

<<<<<<<<<<<<<<<<<<<<<<<<<<<<<<<<<<<<<<<<<<<<<<<<<<<<<<<<<<<<<<<<<<<<<<<<<<<<<<<<<<<<<<<<<<<<<<<<<<<<<<<<<<<<<<<<<<<<<<<<
                                                                                                                        
                                                                                                                        
>>>>>>>>>>>>>>>>>>>>>>>>>>>>>>>>>>>>>>>>>>>>>>>>>>>>>>>>>>>>>>>>>>>>>>>>>>>>>>>>>>>>>>>>>>>>>>>>>>>>>>>>>>>>>>>>>>>>>>>>
2024-12-26 22:20:54,874 - INFO - START  EPIC_Training_course_cogito_fundamentals_170_day_1 =============================================
2024-12-26 22:20:54,875 - INFO - START  EPIC_Training_course_cogito_fundamentals_170_day_1 Start Time = 2024-12-26 22:20:54
2024-12-26 22:20:54,875 - INFO -  EPIC_Training_course_cogito_fundamentals_170_day_1 Step 0 - Initialize the configuration file parser
2024-12-26 22:20:54,875 - INFO - Process  EPIC_Training_course_cogito_fundamentals_170_day_1 Step 0 - Initializing and starting Logging Process.
2024-12-26 22:20:55,612 - INFO - PERFORMANCE  EPIC_Training_course_cogito_fundamentals_170_day_1 The total process duration was:0.74
2024-12-26 22:20:55,612 - INFO - PERFORMANCE  EPIC_Training_course_cogito_fundamentals_170_day_1 Stop Time = 2024-12-26 22:20:55
2024-12-26 22:20:55,612 - INFO - PERFORMANCE  EPIC_Training_course_cogito_fundamentals_170_day_1 Short process duration less than 3 Seconds:0.74
2024-12-26 22:20:55,612 - INFO - PERFORMANCE  EPIC_Training_course_cogito_fundamentals_170_day_1 Performance optimization is not reccomended
2024-12-26 22:20:55,612 - INFO - END  EPIC_Training_course_cogito_fundamentals_170_day_1 =============================================

<<<<<<<<<<<<<<<<<<<<<<<<<<<<<<<<<<<<<<<<<<<<<<<<<<<<<<<<<<<<<<<<<<<<<<<<<<<<<<<<<<<<<<<<<<<<<<<<<<<<<<<<<<<<<<<<<<<<<<<<
                                                                                                                        
                                                                                                                        
>>>>>>>>>>>>>>>>>>>>>>>>>>>>>>>>>>>>>>>>>>>>>>>>>>>>>>>>>>>>>>>>>>>>>>>>>>>>>>>>>>>>>>>>>>>>>>>>>>>>>>>>>>>>>>>>>>>>>>>>
2024-12-26 22:22:05,053 - INFO - START  EPIC_Training_course_cogito_fundamentals_170_day_1 =============================================
2024-12-26 22:22:05,053 - INFO - START  EPIC_Training_course_cogito_fundamentals_170_day_1 Start Time = 2024-12-26 22:22:05
2024-12-26 22:22:05,053 - INFO -  EPIC_Training_course_cogito_fundamentals_170_day_1 Step 0 - Initialize the configuration file parser
2024-12-26 22:22:05,054 - INFO - Process  EPIC_Training_course_cogito_fundamentals_170_day_1 Step 0 - Initializing and starting Logging Process.
2024-12-26 22:22:05,780 - INFO - PERFORMANCE  EPIC_Training_course_cogito_fundamentals_170_day_1 The total process duration was:0.73
2024-12-26 22:22:05,780 - INFO - PERFORMANCE  EPIC_Training_course_cogito_fundamentals_170_day_1 Stop Time = 2024-12-26 22:22:05
2024-12-26 22:22:05,780 - INFO - PERFORMANCE  EPIC_Training_course_cogito_fundamentals_170_day_1 Short process duration less than 3 Seconds:0.73
2024-12-26 22:22:05,780 - INFO - PERFORMANCE  EPIC_Training_course_cogito_fundamentals_170_day_1 Performance optimization is not reccomended
2024-12-26 22:22:05,780 - INFO - END  EPIC_Training_course_cogito_fundamentals_170_day_1 =============================================

<<<<<<<<<<<<<<<<<<<<<<<<<<<<<<<<<<<<<<<<<<<<<<<<<<<<<<<<<<<<<<<<<<<<<<<<<<<<<<<<<<<<<<<<<<<<<<<<<<<<<<<<<<<<<<<<<<<<<<<<
                                                                                                                        
                                                                                                                        
>>>>>>>>>>>>>>>>>>>>>>>>>>>>>>>>>>>>>>>>>>>>>>>>>>>>>>>>>>>>>>>>>>>>>>>>>>>>>>>>>>>>>>>>>>>>>>>>>>>>>>>>>>>>>>>>>>>>>>>>
2024-12-26 22:23:23,415 - INFO - START  EPIC_Training_course_cogito_fundamentals_170_day_1 =============================================
2024-12-26 22:23:23,415 - INFO - START  EPIC_Training_course_cogito_fundamentals_170_day_1 Start Time = 2024-12-26 22:23:23
2024-12-26 22:23:23,415 - INFO -  EPIC_Training_course_cogito_fundamentals_170_day_1 Step 0 - Initialize the configuration file parser
2024-12-26 22:23:23,416 - INFO - Process  EPIC_Training_course_cogito_fundamentals_170_day_1 Step 0 - Initializing and starting Logging Process.
2024-12-26 22:23:24,170 - INFO - PERFORMANCE  EPIC_Training_course_cogito_fundamentals_170_day_1 The total process duration was:0.76
2024-12-26 22:23:24,171 - INFO - PERFORMANCE  EPIC_Training_course_cogito_fundamentals_170_day_1 Stop Time = 2024-12-26 22:23:24
2024-12-26 22:23:24,171 - INFO - PERFORMANCE  EPIC_Training_course_cogito_fundamentals_170_day_1 Short process duration less than 3 Seconds:0.76
2024-12-26 22:23:24,171 - INFO - PERFORMANCE  EPIC_Training_course_cogito_fundamentals_170_day_1 Performance optimization is not reccomended
2024-12-26 22:23:24,171 - INFO - END  EPIC_Training_course_cogito_fundamentals_170_day_1 =============================================

<<<<<<<<<<<<<<<<<<<<<<<<<<<<<<<<<<<<<<<<<<<<<<<<<<<<<<<<<<<<<<<<<<<<<<<<<<<<<<<<<<<<<<<<<<<<<<<<<<<<<<<<<<<<<<<<<<<<<<<<
                                                                                                                        
                                                                                                                        
>>>>>>>>>>>>>>>>>>>>>>>>>>>>>>>>>>>>>>>>>>>>>>>>>>>>>>>>>>>>>>>>>>>>>>>>>>>>>>>>>>>>>>>>>>>>>>>>>>>>>>>>>>>>>>>>>>>>>>>>
2024-12-26 23:14:52,596 - INFO - START  EPIC_Training_course_cogito_fundamentals_170_day_1 =============================================
2024-12-26 23:14:52,596 - INFO - START  EPIC_Training_course_cogito_fundamentals_170_day_1 Start Time = 2024-12-26 23:14:52
2024-12-26 23:14:52,596 - INFO -  EPIC_Training_course_cogito_fundamentals_170_day_1 Step 0 - Initialize the configuration file parser
2024-12-26 23:14:52,597 - INFO - Process  EPIC_Training_course_cogito_fundamentals_170_day_1 Step 0 - Initializing and starting Logging Process.
2024-12-26 23:14:53,316 - INFO - PERFORMANCE  EPIC_Training_course_cogito_fundamentals_170_day_1 The total process duration was:0.72
2024-12-26 23:14:53,316 - INFO - PERFORMANCE  EPIC_Training_course_cogito_fundamentals_170_day_1 Stop Time = 2024-12-26 23:14:53
2024-12-26 23:14:53,316 - INFO - PERFORMANCE  EPIC_Training_course_cogito_fundamentals_170_day_1 Short process duration less than 3 Seconds:0.72
2024-12-26 23:14:53,316 - INFO - PERFORMANCE  EPIC_Training_course_cogito_fundamentals_170_day_1 Performance optimization is not reccomended
2024-12-26 23:14:53,316 - INFO - END  EPIC_Training_course_cogito_fundamentals_170_day_1 =============================================

<<<<<<<<<<<<<<<<<<<<<<<<<<<<<<<<<<<<<<<<<<<<<<<<<<<<<<<<<<<<<<<<<<<<<<<<<<<<<<<<<<<<<<<<<<<<<<<<<<<<<<<<<<<<<<<<<<<<<<<<
                                                                                                                        
                                                                                                                        
>>>>>>>>>>>>>>>>>>>>>>>>>>>>>>>>>>>>>>>>>>>>>>>>>>>>>>>>>>>>>>>>>>>>>>>>>>>>>>>>>>>>>>>>>>>>>>>>>>>>>>>>>>>>>>>>>>>>>>>>
2024-12-26 23:17:11,399 - INFO - START  EPIC_Training_course_cogito_fundamentals_170_day_1 =============================================
2024-12-26 23:17:11,400 - INFO - START  EPIC_Training_course_cogito_fundamentals_170_day_1 Start Time = 2024-12-26 23:17:11
2024-12-26 23:17:11,400 - INFO -  EPIC_Training_course_cogito_fundamentals_170_day_1 Step 0 - Initialize the configuration file parser
2024-12-26 23:17:11,400 - INFO - Process  EPIC_Training_course_cogito_fundamentals_170_day_1 Step 0 - Initializing and starting Logging Process.
2024-12-26 23:17:12,135 - INFO - PERFORMANCE  EPIC_Training_course_cogito_fundamentals_170_day_1 The total process duration was:0.74
2024-12-26 23:17:12,135 - INFO - PERFORMANCE  EPIC_Training_course_cogito_fundamentals_170_day_1 Stop Time = 2024-12-26 23:17:12
2024-12-26 23:17:12,135 - INFO - PERFORMANCE  EPIC_Training_course_cogito_fundamentals_170_day_1 Short process duration less than 3 Seconds:0.74
2024-12-26 23:17:12,135 - INFO - PERFORMANCE  EPIC_Training_course_cogito_fundamentals_170_day_1 Performance optimization is not reccomended
2024-12-26 23:17:12,135 - INFO - END  EPIC_Training_course_cogito_fundamentals_170_day_1 =============================================

<<<<<<<<<<<<<<<<<<<<<<<<<<<<<<<<<<<<<<<<<<<<<<<<<<<<<<<<<<<<<<<<<<<<<<<<<<<<<<<<<<<<<<<<<<<<<<<<<<<<<<<<<<<<<<<<<<<<<<<<
                                                                                                                        
                                                                                                                        
>>>>>>>>>>>>>>>>>>>>>>>>>>>>>>>>>>>>>>>>>>>>>>>>>>>>>>>>>>>>>>>>>>>>>>>>>>>>>>>>>>>>>>>>>>>>>>>>>>>>>>>>>>>>>>>>>>>>>>>>
2024-12-26 23:17:37,698 - INFO - START  EPIC_Training_course_cogito_fundamentals_170_day_1 =============================================
2024-12-26 23:17:37,698 - INFO - START  EPIC_Training_course_cogito_fundamentals_170_day_1 Start Time = 2024-12-26 23:17:37
2024-12-26 23:17:37,699 - INFO -  EPIC_Training_course_cogito_fundamentals_170_day_1 Step 0 - Initialize the configuration file parser
2024-12-26 23:17:37,699 - INFO - Process  EPIC_Training_course_cogito_fundamentals_170_day_1 Step 0 - Initializing and starting Logging Process.
2024-12-26 23:17:38,461 - INFO - PERFORMANCE  EPIC_Training_course_cogito_fundamentals_170_day_1 The total process duration was:0.76
2024-12-26 23:17:38,462 - INFO - PERFORMANCE  EPIC_Training_course_cogito_fundamentals_170_day_1 Stop Time = 2024-12-26 23:17:38
2024-12-26 23:17:38,462 - INFO - PERFORMANCE  EPIC_Training_course_cogito_fundamentals_170_day_1 Short process duration less than 3 Seconds:0.76
2024-12-26 23:17:38,462 - INFO - PERFORMANCE  EPIC_Training_course_cogito_fundamentals_170_day_1 Performance optimization is not reccomended
2024-12-26 23:17:38,462 - INFO - END  EPIC_Training_course_cogito_fundamentals_170_day_1 =============================================

<<<<<<<<<<<<<<<<<<<<<<<<<<<<<<<<<<<<<<<<<<<<<<<<<<<<<<<<<<<<<<<<<<<<<<<<<<<<<<<<<<<<<<<<<<<<<<<<<<<<<<<<<<<<<<<<<<<<<<<<
                                                                                                                        
                                                                                                                        
>>>>>>>>>>>>>>>>>>>>>>>>>>>>>>>>>>>>>>>>>>>>>>>>>>>>>>>>>>>>>>>>>>>>>>>>>>>>>>>>>>>>>>>>>>>>>>>>>>>>>>>>>>>>>>>>>>>>>>>>
2024-12-26 23:19:38,761 - INFO - START  EPIC_Training_course_cogito_fundamentals_170_day_1 =============================================
2024-12-26 23:19:38,761 - INFO - START  EPIC_Training_course_cogito_fundamentals_170_day_1 Start Time = 2024-12-26 23:19:38
2024-12-26 23:19:38,761 - INFO -  EPIC_Training_course_cogito_fundamentals_170_day_1 Step 0 - Initialize the configuration file parser
2024-12-26 23:19:38,762 - INFO - Process  EPIC_Training_course_cogito_fundamentals_170_day_1 Step 0 - Initializing and starting Logging Process.
2024-12-26 23:19:39,498 - INFO - PERFORMANCE  EPIC_Training_course_cogito_fundamentals_170_day_1 The total process duration was:0.74
2024-12-26 23:19:39,498 - INFO - PERFORMANCE  EPIC_Training_course_cogito_fundamentals_170_day_1 Stop Time = 2024-12-26 23:19:39
2024-12-26 23:19:39,498 - INFO - PERFORMANCE  EPIC_Training_course_cogito_fundamentals_170_day_1 Short process duration less than 3 Seconds:0.74
2024-12-26 23:19:39,499 - INFO - PERFORMANCE  EPIC_Training_course_cogito_fundamentals_170_day_1 Performance optimization is not reccomended
2024-12-26 23:19:39,499 - INFO - END  EPIC_Training_course_cogito_fundamentals_170_day_1 =============================================

<<<<<<<<<<<<<<<<<<<<<<<<<<<<<<<<<<<<<<<<<<<<<<<<<<<<<<<<<<<<<<<<<<<<<<<<<<<<<<<<<<<<<<<<<<<<<<<<<<<<<<<<<<<<<<<<<<<<<<<<
                                                                                                                        
                                                                                                                        
>>>>>>>>>>>>>>>>>>>>>>>>>>>>>>>>>>>>>>>>>>>>>>>>>>>>>>>>>>>>>>>>>>>>>>>>>>>>>>>>>>>>>>>>>>>>>>>>>>>>>>>>>>>>>>>>>>>>>>>>
2024-12-26 23:22:17,200 - INFO - START  EPIC_Training_course_cogito_fundamentals_170_day_1 =============================================
2024-12-26 23:22:17,201 - INFO - START  EPIC_Training_course_cogito_fundamentals_170_day_1 Start Time = 2024-12-26 23:22:17
2024-12-26 23:22:17,201 - INFO -  EPIC_Training_course_cogito_fundamentals_170_day_1 Step 0 - Initialize the configuration file parser
2024-12-26 23:22:17,201 - INFO - Process  EPIC_Training_course_cogito_fundamentals_170_day_1 Step 0 - Initializing and starting Logging Process.
2024-12-26 23:22:17,938 - INFO - PERFORMANCE  EPIC_Training_course_cogito_fundamentals_170_day_1 The total process duration was:0.74
2024-12-26 23:22:17,938 - INFO - PERFORMANCE  EPIC_Training_course_cogito_fundamentals_170_day_1 Stop Time = 2024-12-26 23:22:17
2024-12-26 23:22:17,938 - INFO - PERFORMANCE  EPIC_Training_course_cogito_fundamentals_170_day_1 Short process duration less than 3 Seconds:0.74
2024-12-26 23:22:17,938 - INFO - PERFORMANCE  EPIC_Training_course_cogito_fundamentals_170_day_1 Performance optimization is not reccomended
2024-12-26 23:22:17,938 - INFO - END  EPIC_Training_course_cogito_fundamentals_170_day_1 =============================================

<<<<<<<<<<<<<<<<<<<<<<<<<<<<<<<<<<<<<<<<<<<<<<<<<<<<<<<<<<<<<<<<<<<<<<<<<<<<<<<<<<<<<<<<<<<<<<<<<<<<<<<<<<<<<<<<<<<<<<<<
                                                                                                                        
                                                                                                                        
>>>>>>>>>>>>>>>>>>>>>>>>>>>>>>>>>>>>>>>>>>>>>>>>>>>>>>>>>>>>>>>>>>>>>>>>>>>>>>>>>>>>>>>>>>>>>>>>>>>>>>>>>>>>>>>>>>>>>>>>
2024-12-26 23:23:35,522 - INFO - START  EPIC_Training_course_cogito_fundamentals_170_day_1 =============================================
2024-12-26 23:23:35,522 - INFO - START  EPIC_Training_course_cogito_fundamentals_170_day_1 Start Time = 2024-12-26 23:23:35
2024-12-26 23:23:35,522 - INFO -  EPIC_Training_course_cogito_fundamentals_170_day_1 Step 0 - Initialize the configuration file parser
2024-12-26 23:23:35,523 - INFO - Process  EPIC_Training_course_cogito_fundamentals_170_day_1 Step 0 - Initializing and starting Logging Process.
2024-12-26 23:23:36,263 - INFO - PERFORMANCE  EPIC_Training_course_cogito_fundamentals_170_day_1 The total process duration was:0.74
2024-12-26 23:23:36,263 - INFO - PERFORMANCE  EPIC_Training_course_cogito_fundamentals_170_day_1 Stop Time = 2024-12-26 23:23:36
2024-12-26 23:23:36,263 - INFO - PERFORMANCE  EPIC_Training_course_cogito_fundamentals_170_day_1 Short process duration less than 3 Seconds:0.74
2024-12-26 23:23:36,263 - INFO - PERFORMANCE  EPIC_Training_course_cogito_fundamentals_170_day_1 Performance optimization is not reccomended
2024-12-26 23:23:36,263 - INFO - END  EPIC_Training_course_cogito_fundamentals_170_day_1 =============================================

<<<<<<<<<<<<<<<<<<<<<<<<<<<<<<<<<<<<<<<<<<<<<<<<<<<<<<<<<<<<<<<<<<<<<<<<<<<<<<<<<<<<<<<<<<<<<<<<<<<<<<<<<<<<<<<<<<<<<<<<
                                                                                                                        
                                                                                                                        
>>>>>>>>>>>>>>>>>>>>>>>>>>>>>>>>>>>>>>>>>>>>>>>>>>>>>>>>>>>>>>>>>>>>>>>>>>>>>>>>>>>>>>>>>>>>>>>>>>>>>>>>>>>>>>>>>>>>>>>>
2024-12-26 23:24:32,608 - INFO - START  EPIC_Training_course_cogito_fundamentals_170_day_1 =============================================
2024-12-26 23:24:32,608 - INFO - START  EPIC_Training_course_cogito_fundamentals_170_day_1 Start Time = 2024-12-26 23:24:32
2024-12-26 23:24:32,608 - INFO -  EPIC_Training_course_cogito_fundamentals_170_day_1 Step 0 - Initialize the configuration file parser
2024-12-26 23:24:32,609 - INFO - Process  EPIC_Training_course_cogito_fundamentals_170_day_1 Step 0 - Initializing and starting Logging Process.
2024-12-26 23:24:33,322 - INFO - PERFORMANCE  EPIC_Training_course_cogito_fundamentals_170_day_1 The total process duration was:0.72
2024-12-26 23:24:33,323 - INFO - PERFORMANCE  EPIC_Training_course_cogito_fundamentals_170_day_1 Stop Time = 2024-12-26 23:24:33
2024-12-26 23:24:33,323 - INFO - PERFORMANCE  EPIC_Training_course_cogito_fundamentals_170_day_1 Short process duration less than 3 Seconds:0.72
2024-12-26 23:24:33,323 - INFO - PERFORMANCE  EPIC_Training_course_cogito_fundamentals_170_day_1 Performance optimization is not reccomended
2024-12-26 23:24:33,323 - INFO - END  EPIC_Training_course_cogito_fundamentals_170_day_1 =============================================

<<<<<<<<<<<<<<<<<<<<<<<<<<<<<<<<<<<<<<<<<<<<<<<<<<<<<<<<<<<<<<<<<<<<<<<<<<<<<<<<<<<<<<<<<<<<<<<<<<<<<<<<<<<<<<<<<<<<<<<<
                                                                                                                        
                                                                                                                        
>>>>>>>>>>>>>>>>>>>>>>>>>>>>>>>>>>>>>>>>>>>>>>>>>>>>>>>>>>>>>>>>>>>>>>>>>>>>>>>>>>>>>>>>>>>>>>>>>>>>>>>>>>>>>>>>>>>>>>>>
2024-12-26 23:24:55,714 - INFO - START  EPIC_Training_course_cogito_fundamentals_170_day_1 =============================================
2024-12-26 23:24:55,714 - INFO - START  EPIC_Training_course_cogito_fundamentals_170_day_1 Start Time = 2024-12-26 23:24:55
2024-12-26 23:24:55,714 - INFO -  EPIC_Training_course_cogito_fundamentals_170_day_1 Step 0 - Initialize the configuration file parser
2024-12-26 23:24:55,715 - INFO - Process  EPIC_Training_course_cogito_fundamentals_170_day_1 Step 0 - Initializing and starting Logging Process.
2024-12-26 23:24:56,432 - INFO - PERFORMANCE  EPIC_Training_course_cogito_fundamentals_170_day_1 The total process duration was:0.72
2024-12-26 23:24:56,432 - INFO - PERFORMANCE  EPIC_Training_course_cogito_fundamentals_170_day_1 Stop Time = 2024-12-26 23:24:56
2024-12-26 23:24:56,432 - INFO - PERFORMANCE  EPIC_Training_course_cogito_fundamentals_170_day_1 Short process duration less than 3 Seconds:0.72
2024-12-26 23:24:56,432 - INFO - PERFORMANCE  EPIC_Training_course_cogito_fundamentals_170_day_1 Performance optimization is not reccomended
2024-12-26 23:24:56,432 - INFO - END  EPIC_Training_course_cogito_fundamentals_170_day_1 =============================================

<<<<<<<<<<<<<<<<<<<<<<<<<<<<<<<<<<<<<<<<<<<<<<<<<<<<<<<<<<<<<<<<<<<<<<<<<<<<<<<<<<<<<<<<<<<<<<<<<<<<<<<<<<<<<<<<<<<<<<<<
                                                                                                                        
                                                                                                                        
>>>>>>>>>>>>>>>>>>>>>>>>>>>>>>>>>>>>>>>>>>>>>>>>>>>>>>>>>>>>>>>>>>>>>>>>>>>>>>>>>>>>>>>>>>>>>>>>>>>>>>>>>>>>>>>>>>>>>>>>
2024-12-26 23:26:06,218 - INFO - START  EPIC_Training_course_cogito_fundamentals_170_day_1 =============================================
2024-12-26 23:26:06,218 - INFO - START  EPIC_Training_course_cogito_fundamentals_170_day_1 Start Time = 2024-12-26 23:26:06
2024-12-26 23:26:06,218 - INFO -  EPIC_Training_course_cogito_fundamentals_170_day_1 Step 0 - Initialize the configuration file parser
2024-12-26 23:26:06,219 - INFO - Process  EPIC_Training_course_cogito_fundamentals_170_day_1 Step 0 - Initializing and starting Logging Process.
2024-12-26 23:26:06,943 - INFO - PERFORMANCE  EPIC_Training_course_cogito_fundamentals_170_day_1 The total process duration was:0.72
2024-12-26 23:26:06,943 - INFO - PERFORMANCE  EPIC_Training_course_cogito_fundamentals_170_day_1 Stop Time = 2024-12-26 23:26:06
2024-12-26 23:26:06,943 - INFO - PERFORMANCE  EPIC_Training_course_cogito_fundamentals_170_day_1 Short process duration less than 3 Seconds:0.72
2024-12-26 23:26:06,943 - INFO - PERFORMANCE  EPIC_Training_course_cogito_fundamentals_170_day_1 Performance optimization is not reccomended
2024-12-26 23:26:06,943 - INFO - END  EPIC_Training_course_cogito_fundamentals_170_day_1 =============================================

<<<<<<<<<<<<<<<<<<<<<<<<<<<<<<<<<<<<<<<<<<<<<<<<<<<<<<<<<<<<<<<<<<<<<<<<<<<<<<<<<<<<<<<<<<<<<<<<<<<<<<<<<<<<<<<<<<<<<<<<
                                                                                                                        
                                                                                                                        
>>>>>>>>>>>>>>>>>>>>>>>>>>>>>>>>>>>>>>>>>>>>>>>>>>>>>>>>>>>>>>>>>>>>>>>>>>>>>>>>>>>>>>>>>>>>>>>>>>>>>>>>>>>>>>>>>>>>>>>>
2024-12-26 23:26:56,615 - INFO - START  EPIC_Training_course_cogito_fundamentals_170_day_1 =============================================
2024-12-26 23:26:56,615 - INFO - START  EPIC_Training_course_cogito_fundamentals_170_day_1 Start Time = 2024-12-26 23:26:56
2024-12-26 23:26:56,615 - INFO -  EPIC_Training_course_cogito_fundamentals_170_day_1 Step 0 - Initialize the configuration file parser
2024-12-26 23:26:56,616 - INFO - Process  EPIC_Training_course_cogito_fundamentals_170_day_1 Step 0 - Initializing and starting Logging Process.
2024-12-26 23:26:57,360 - INFO - PERFORMANCE  EPIC_Training_course_cogito_fundamentals_170_day_1 The total process duration was:0.75
2024-12-26 23:26:57,360 - INFO - PERFORMANCE  EPIC_Training_course_cogito_fundamentals_170_day_1 Stop Time = 2024-12-26 23:26:57
2024-12-26 23:26:57,360 - INFO - PERFORMANCE  EPIC_Training_course_cogito_fundamentals_170_day_1 Short process duration less than 3 Seconds:0.75
2024-12-26 23:26:57,361 - INFO - PERFORMANCE  EPIC_Training_course_cogito_fundamentals_170_day_1 Performance optimization is not reccomended
2024-12-26 23:26:57,361 - INFO - END  EPIC_Training_course_cogito_fundamentals_170_day_1 =============================================

<<<<<<<<<<<<<<<<<<<<<<<<<<<<<<<<<<<<<<<<<<<<<<<<<<<<<<<<<<<<<<<<<<<<<<<<<<<<<<<<<<<<<<<<<<<<<<<<<<<<<<<<<<<<<<<<<<<<<<<<
                                                                                                                        
                                                                                                                        
>>>>>>>>>>>>>>>>>>>>>>>>>>>>>>>>>>>>>>>>>>>>>>>>>>>>>>>>>>>>>>>>>>>>>>>>>>>>>>>>>>>>>>>>>>>>>>>>>>>>>>>>>>>>>>>>>>>>>>>>
2024-12-26 23:28:04,121 - INFO - START  EPIC_Training_course_cogito_fundamentals_170_day_1 =============================================
2024-12-26 23:28:04,121 - INFO - START  EPIC_Training_course_cogito_fundamentals_170_day_1 Start Time = 2024-12-26 23:28:04
2024-12-26 23:28:04,121 - INFO -  EPIC_Training_course_cogito_fundamentals_170_day_1 Step 0 - Initialize the configuration file parser
2024-12-26 23:28:04,121 - INFO - Process  EPIC_Training_course_cogito_fundamentals_170_day_1 Step 0 - Initializing and starting Logging Process.
2024-12-26 23:28:04,846 - INFO - PERFORMANCE  EPIC_Training_course_cogito_fundamentals_170_day_1 The total process duration was:0.73
2024-12-26 23:28:04,847 - INFO - PERFORMANCE  EPIC_Training_course_cogito_fundamentals_170_day_1 Stop Time = 2024-12-26 23:28:04
2024-12-26 23:28:04,847 - INFO - PERFORMANCE  EPIC_Training_course_cogito_fundamentals_170_day_1 Short process duration less than 3 Seconds:0.73
2024-12-26 23:28:04,847 - INFO - PERFORMANCE  EPIC_Training_course_cogito_fundamentals_170_day_1 Performance optimization is not reccomended
2024-12-26 23:28:04,847 - INFO - END  EPIC_Training_course_cogito_fundamentals_170_day_1 =============================================

<<<<<<<<<<<<<<<<<<<<<<<<<<<<<<<<<<<<<<<<<<<<<<<<<<<<<<<<<<<<<<<<<<<<<<<<<<<<<<<<<<<<<<<<<<<<<<<<<<<<<<<<<<<<<<<<<<<<<<<<
                                                                                                                        
                                                                                                                        
>>>>>>>>>>>>>>>>>>>>>>>>>>>>>>>>>>>>>>>>>>>>>>>>>>>>>>>>>>>>>>>>>>>>>>>>>>>>>>>>>>>>>>>>>>>>>>>>>>>>>>>>>>>>>>>>>>>>>>>>
2024-12-26 23:29:03,742 - INFO - START  EPIC_Training_course_cogito_fundamentals_170_day_1 =============================================
2024-12-26 23:29:03,743 - INFO - START  EPIC_Training_course_cogito_fundamentals_170_day_1 Start Time = 2024-12-26 23:29:03
2024-12-26 23:29:03,743 - INFO -  EPIC_Training_course_cogito_fundamentals_170_day_1 Step 0 - Initialize the configuration file parser
2024-12-26 23:29:03,743 - INFO - Process  EPIC_Training_course_cogito_fundamentals_170_day_1 Step 0 - Initializing and starting Logging Process.
2024-12-26 23:29:04,469 - INFO - PERFORMANCE  EPIC_Training_course_cogito_fundamentals_170_day_1 The total process duration was:0.73
2024-12-26 23:29:04,469 - INFO - PERFORMANCE  EPIC_Training_course_cogito_fundamentals_170_day_1 Stop Time = 2024-12-26 23:29:04
2024-12-26 23:29:04,469 - INFO - PERFORMANCE  EPIC_Training_course_cogito_fundamentals_170_day_1 Short process duration less than 3 Seconds:0.73
2024-12-26 23:29:04,469 - INFO - PERFORMANCE  EPIC_Training_course_cogito_fundamentals_170_day_1 Performance optimization is not reccomended
2024-12-26 23:29:04,470 - INFO - END  EPIC_Training_course_cogito_fundamentals_170_day_1 =============================================

<<<<<<<<<<<<<<<<<<<<<<<<<<<<<<<<<<<<<<<<<<<<<<<<<<<<<<<<<<<<<<<<<<<<<<<<<<<<<<<<<<<<<<<<<<<<<<<<<<<<<<<<<<<<<<<<<<<<<<<<
                                                                                                                        
                                                                                                                        
>>>>>>>>>>>>>>>>>>>>>>>>>>>>>>>>>>>>>>>>>>>>>>>>>>>>>>>>>>>>>>>>>>>>>>>>>>>>>>>>>>>>>>>>>>>>>>>>>>>>>>>>>>>>>>>>>>>>>>>>
2024-12-26 23:31:59,062 - INFO - START  EPIC_Training_course_cogito_fundamentals_170_day_1 =============================================
2024-12-26 23:31:59,062 - INFO - START  EPIC_Training_course_cogito_fundamentals_170_day_1 Start Time = 2024-12-26 23:31:59
2024-12-26 23:31:59,063 - INFO -  EPIC_Training_course_cogito_fundamentals_170_day_1 Step 0 - Initialize the configuration file parser
2024-12-26 23:31:59,063 - INFO - Process  EPIC_Training_course_cogito_fundamentals_170_day_1 Step 0 - Initializing and starting Logging Process.
2024-12-26 23:31:59,787 - INFO - PERFORMANCE  EPIC_Training_course_cogito_fundamentals_170_day_1 The total process duration was:0.73
2024-12-26 23:31:59,787 - INFO - PERFORMANCE  EPIC_Training_course_cogito_fundamentals_170_day_1 Stop Time = 2024-12-26 23:31:59
2024-12-26 23:31:59,787 - INFO - PERFORMANCE  EPIC_Training_course_cogito_fundamentals_170_day_1 Short process duration less than 3 Seconds:0.73
2024-12-26 23:31:59,787 - INFO - PERFORMANCE  EPIC_Training_course_cogito_fundamentals_170_day_1 Performance optimization is not reccomended
2024-12-26 23:31:59,787 - INFO - END  EPIC_Training_course_cogito_fundamentals_170_day_1 =============================================

<<<<<<<<<<<<<<<<<<<<<<<<<<<<<<<<<<<<<<<<<<<<<<<<<<<<<<<<<<<<<<<<<<<<<<<<<<<<<<<<<<<<<<<<<<<<<<<<<<<<<<<<<<<<<<<<<<<<<<<<
                                                                                                                        
                                                                                                                        
>>>>>>>>>>>>>>>>>>>>>>>>>>>>>>>>>>>>>>>>>>>>>>>>>>>>>>>>>>>>>>>>>>>>>>>>>>>>>>>>>>>>>>>>>>>>>>>>>>>>>>>>>>>>>>>>>>>>>>>>
2024-12-26 23:35:03,313 - INFO - START  EPIC_Training_course_cogito_fundamentals_170_day_1 =============================================
2024-12-26 23:35:03,313 - INFO - START  EPIC_Training_course_cogito_fundamentals_170_day_1 Start Time = 2024-12-26 23:35:03
2024-12-26 23:35:03,313 - INFO -  EPIC_Training_course_cogito_fundamentals_170_day_1 Step 0 - Initialize the configuration file parser
2024-12-26 23:35:03,314 - INFO - Process  EPIC_Training_course_cogito_fundamentals_170_day_1 Step 0 - Initializing and starting Logging Process.
2024-12-26 23:35:04,067 - INFO - PERFORMANCE  EPIC_Training_course_cogito_fundamentals_170_day_1 The total process duration was:0.75
2024-12-26 23:35:04,067 - INFO - PERFORMANCE  EPIC_Training_course_cogito_fundamentals_170_day_1 Stop Time = 2024-12-26 23:35:04
2024-12-26 23:35:04,067 - INFO - PERFORMANCE  EPIC_Training_course_cogito_fundamentals_170_day_1 Short process duration less than 3 Seconds:0.75
2024-12-26 23:35:04,068 - INFO - PERFORMANCE  EPIC_Training_course_cogito_fundamentals_170_day_1 Performance optimization is not reccomended
2024-12-26 23:35:04,068 - INFO - END  EPIC_Training_course_cogito_fundamentals_170_day_1 =============================================

<<<<<<<<<<<<<<<<<<<<<<<<<<<<<<<<<<<<<<<<<<<<<<<<<<<<<<<<<<<<<<<<<<<<<<<<<<<<<<<<<<<<<<<<<<<<<<<<<<<<<<<<<<<<<<<<<<<<<<<<
                                                                                                                        
                                                                                                                        
>>>>>>>>>>>>>>>>>>>>>>>>>>>>>>>>>>>>>>>>>>>>>>>>>>>>>>>>>>>>>>>>>>>>>>>>>>>>>>>>>>>>>>>>>>>>>>>>>>>>>>>>>>>>>>>>>>>>>>>>
2024-12-26 23:37:06,423 - INFO - START  EPIC_Training_course_cogito_fundamentals_170_day_1 =============================================
2024-12-26 23:37:06,423 - INFO - START  EPIC_Training_course_cogito_fundamentals_170_day_1 Start Time = 2024-12-26 23:37:06
2024-12-26 23:37:06,424 - INFO -  EPIC_Training_course_cogito_fundamentals_170_day_1 Step 0 - Initialize the configuration file parser
2024-12-26 23:37:06,424 - INFO - Process  EPIC_Training_course_cogito_fundamentals_170_day_1 Step 0 - Initializing and starting Logging Process.
2024-12-26 23:37:07,210 - INFO - PERFORMANCE  EPIC_Training_course_cogito_fundamentals_170_day_1 The total process duration was:0.79
2024-12-26 23:37:07,210 - INFO - PERFORMANCE  EPIC_Training_course_cogito_fundamentals_170_day_1 Stop Time = 2024-12-26 23:37:07
2024-12-26 23:37:07,210 - INFO - PERFORMANCE  EPIC_Training_course_cogito_fundamentals_170_day_1 Short process duration less than 3 Seconds:0.79
2024-12-26 23:37:07,210 - INFO - PERFORMANCE  EPIC_Training_course_cogito_fundamentals_170_day_1 Performance optimization is not reccomended
2024-12-26 23:37:07,210 - INFO - END  EPIC_Training_course_cogito_fundamentals_170_day_1 =============================================

<<<<<<<<<<<<<<<<<<<<<<<<<<<<<<<<<<<<<<<<<<<<<<<<<<<<<<<<<<<<<<<<<<<<<<<<<<<<<<<<<<<<<<<<<<<<<<<<<<<<<<<<<<<<<<<<<<<<<<<<
                                                                                                                        
                                                                                                                        
>>>>>>>>>>>>>>>>>>>>>>>>>>>>>>>>>>>>>>>>>>>>>>>>>>>>>>>>>>>>>>>>>>>>>>>>>>>>>>>>>>>>>>>>>>>>>>>>>>>>>>>>>>>>>>>>>>>>>>>>
2024-12-26 23:38:53,415 - INFO - START  EPIC_Training_course_cogito_fundamentals_170_day_1 =============================================
2024-12-26 23:38:53,415 - INFO - START  EPIC_Training_course_cogito_fundamentals_170_day_1 Start Time = 2024-12-26 23:38:53
2024-12-26 23:38:53,415 - INFO -  EPIC_Training_course_cogito_fundamentals_170_day_1 Step 0 - Initialize the configuration file parser
2024-12-26 23:38:53,416 - INFO - Process  EPIC_Training_course_cogito_fundamentals_170_day_1 Step 0 - Initializing and starting Logging Process.
2024-12-26 23:38:54,121 - INFO - PERFORMANCE  EPIC_Training_course_cogito_fundamentals_170_day_1 The total process duration was:0.71
2024-12-26 23:38:54,121 - INFO - PERFORMANCE  EPIC_Training_course_cogito_fundamentals_170_day_1 Stop Time = 2024-12-26 23:38:54
2024-12-26 23:38:54,121 - INFO - PERFORMANCE  EPIC_Training_course_cogito_fundamentals_170_day_1 Short process duration less than 3 Seconds:0.71
2024-12-26 23:38:54,121 - INFO - PERFORMANCE  EPIC_Training_course_cogito_fundamentals_170_day_1 Performance optimization is not reccomended
2024-12-26 23:38:54,122 - INFO - END  EPIC_Training_course_cogito_fundamentals_170_day_1 =============================================

<<<<<<<<<<<<<<<<<<<<<<<<<<<<<<<<<<<<<<<<<<<<<<<<<<<<<<<<<<<<<<<<<<<<<<<<<<<<<<<<<<<<<<<<<<<<<<<<<<<<<<<<<<<<<<<<<<<<<<<<
                                                                                                                        
